[2026-05-14T11:00:42.517+0000] {taskinstance.py:1956} INFO - Dependencies all met for dep_context=non-requeueable deps ti=<TaskInstance: supply_chain_pipeline.kafka_producer manual__2026-05-14T10:55:22.282053+00:00 [queued]>
[2026-05-14T11:00:42.539+0000] {taskinstance.py:1956} INFO - Dependencies all met for dep_context=requeueable deps ti=<TaskInstance: supply_chain_pipeline.kafka_producer manual__2026-05-14T10:55:22.282053+00:00 [queued]>
[2026-05-14T11:00:42.541+0000] {taskinstance.py:2170} INFO - Starting attempt 1 of 3
[2026-05-14T11:00:42.568+0000] {taskinstance.py:2191} INFO - Executing <Task(BashOperator): kafka_producer> on 2026-05-14 10:55:22.282053+00:00
[2026-05-14T11:00:42.577+0000] {standard_task_runner.py:60} INFO - Started process 174 to run task
[2026-05-14T11:00:42.582+0000] {standard_task_runner.py:87} INFO - Running: ['airflow', 'tasks', 'run', 'supply_chain_pipeline', 'kafka_producer', 'manual__2026-05-14T10:55:22.282053+00:00', '--job-id', '3', '--raw', '--subdir', 'DAGS_FOLDER/supply_chain_pipeline.py', '--cfg-path', '/tmp/tmph45p_367']
[2026-05-14T11:00:42.585+0000] {standard_task_runner.py:88} INFO - Job 3: Subtask kafka_producer
[2026-05-14T11:00:42.682+0000] {task_command.py:423} INFO - Running <TaskInstance: supply_chain_pipeline.kafka_producer manual__2026-05-14T10:55:22.282053+00:00 [running]> on host 35ffa26b18d6
[2026-05-14T11:00:42.842+0000] {taskinstance.py:2480} INFO - Exporting env vars: AIRFLOW_CTX_DAG_OWNER='lovepreet' AIRFLOW_CTX_DAG_ID='supply_chain_pipeline' AIRFLOW_CTX_TASK_ID='kafka_producer' AIRFLOW_CTX_EXECUTION_DATE='2026-05-14T10:55:22.282053+00:00' AIRFLOW_CTX_TRY_NUMBER='1' AIRFLOW_CTX_DAG_RUN_ID='manual__2026-05-14T10:55:22.282053+00:00'
[2026-05-14T11:00:42.844+0000] {subprocess.py:63} INFO - Tmp dir root location: /tmp
[2026-05-14T11:00:42.847+0000] {subprocess.py:75} INFO - Running command: ['/usr/bin/bash', '-c', 'python3 /opt/airflow/dags/../../ingestion/kafka_producer.py']
[2026-05-14T11:00:42.861+0000] {subprocess.py:86} INFO - Output:
[2026-05-14T11:00:42.935+0000] {subprocess.py:93} INFO - python3: can't open file '/opt/airflow/dags/../../ingestion/kafka_producer.py': [Errno 2] No such file or directory
[2026-05-14T11:00:42.941+0000] {subprocess.py:97} INFO - Command exited with return code 2
[2026-05-14T11:00:42.963+0000] {taskinstance.py:2698} ERROR - Task failed with exception
Traceback (most recent call last):
  File "/home/airflow/.local/lib/python3.8/site-packages/airflow/models/taskinstance.py", line 433, in _execute_task
    result = execute_callable(context=context, **execute_callable_kwargs)
  File "/home/airflow/.local/lib/python3.8/site-packages/airflow/operators/bash.py", line 212, in execute
    raise AirflowException(
airflow.exceptions.AirflowException: Bash command failed. The command returned a non-zero exit code 2.
[2026-05-14T11:00:42.973+0000] {taskinstance.py:1138} INFO - Marking task as UP_FOR_RETRY. dag_id=supply_chain_pipeline, task_id=kafka_producer, execution_date=20260514T105522, start_date=20260514T110042, end_date=20260514T110042
[2026-05-14T11:00:42.990+0000] {standard_task_runner.py:107} ERROR - Failed to execute job 3 for task kafka_producer (Bash command failed. The command returned a non-zero exit code 2.; 174)
[2026-05-14T11:00:43.015+0000] {local_task_job_runner.py:234} INFO - Task exited with return code 1
[2026-05-14T11:00:43.053+0000] {taskinstance.py:3280} INFO - 0 downstream tasks scheduled from follow-on schedule check
