[2026-05-18T09:16:32.286+0000] {taskinstance.py:1956} INFO - Dependencies all met for dep_context=non-requeueable deps ti=<TaskInstance: supply_chain_pipeline.kafka_producer scheduled__2026-05-17T09:00:00+00:00 [queued]>
[2026-05-18T09:16:32.290+0000] {taskinstance.py:1956} INFO - Dependencies all met for dep_context=requeueable deps ti=<TaskInstance: supply_chain_pipeline.kafka_producer scheduled__2026-05-17T09:00:00+00:00 [queued]>
[2026-05-18T09:16:32.291+0000] {taskinstance.py:2170} INFO - Starting attempt 2 of 3
[2026-05-18T09:16:32.299+0000] {taskinstance.py:2191} INFO - Executing <Task(BashOperator): kafka_producer> on 2026-05-17 09:00:00+00:00
[2026-05-18T09:16:32.304+0000] {standard_task_runner.py:60} INFO - Started process 15934 to run task
[2026-05-18T09:16:32.310+0000] {standard_task_runner.py:87} INFO - Running: ['airflow', 'tasks', 'run', 'supply_chain_pipeline', 'kafka_producer', 'scheduled__2026-05-17T09:00:00+00:00', '--job-id', '65', '--raw', '--subdir', 'DAGS_FOLDER/supply_chain_pipeline.py', '--cfg-path', '/tmp/tmpmjxeqjd2']
[2026-05-18T09:16:32.313+0000] {standard_task_runner.py:88} INFO - Job 65: Subtask kafka_producer
[2026-05-18T09:16:32.354+0000] {task_command.py:423} INFO - Running <TaskInstance: supply_chain_pipeline.kafka_producer scheduled__2026-05-17T09:00:00+00:00 [running]> on host 77266b8302bc
[2026-05-18T09:16:32.399+0000] {taskinstance.py:2480} INFO - Exporting env vars: AIRFLOW_CTX_DAG_OWNER='lovepreet' AIRFLOW_CTX_DAG_ID='supply_chain_pipeline' AIRFLOW_CTX_TASK_ID='kafka_producer' AIRFLOW_CTX_EXECUTION_DATE='2026-05-17T09:00:00+00:00' AIRFLOW_CTX_TRY_NUMBER='2' AIRFLOW_CTX_DAG_RUN_ID='scheduled__2026-05-17T09:00:00+00:00'
[2026-05-18T09:16:32.400+0000] {subprocess.py:63} INFO - Tmp dir root location: /tmp
[2026-05-18T09:16:32.401+0000] {subprocess.py:75} INFO - Running command: ['/usr/bin/bash', '-c', 'python3 /opt/airflow/ingestion/kafka_producer.py']
[2026-05-18T09:16:32.420+0000] {subprocess.py:86} INFO - Output:
[2026-05-18T09:16:34.557+0000] {subprocess.py:93} INFO - Traceback (most recent call last):
[2026-05-18T09:16:34.558+0000] {subprocess.py:93} INFO -   File "/opt/airflow/ingestion/kafka_producer.py", line 28, in <module>
[2026-05-18T09:16:34.559+0000] {subprocess.py:93} INFO -     producer = KafkaProducer(
[2026-05-18T09:16:34.560+0000] {subprocess.py:93} INFO -   File "/home/airflow/.local/lib/python3.8/site-packages/kafka/producer/kafka.py", line 485, in __init__
[2026-05-18T09:16:34.560+0000] {subprocess.py:93} INFO -     client = self.config['kafka_client'](
[2026-05-18T09:16:34.560+0000] {subprocess.py:93} INFO -   File "/home/airflow/.local/lib/python3.8/site-packages/kafka/client_async.py", line 262, in __init__
[2026-05-18T09:16:34.560+0000] {subprocess.py:93} INFO -     self.config['api_version'] = self.check_version()
[2026-05-18T09:16:34.560+0000] {subprocess.py:93} INFO -   File "/home/airflow/.local/lib/python3.8/site-packages/kafka/client_async.py", line 1076, in check_version
[2026-05-18T09:16:34.561+0000] {subprocess.py:93} INFO -     raise Errors.NoBrokersAvailable()
[2026-05-18T09:16:34.561+0000] {subprocess.py:93} INFO - kafka.errors.NoBrokersAvailable: NoBrokersAvailable
[2026-05-18T09:16:34.582+0000] {subprocess.py:97} INFO - Command exited with return code 1
[2026-05-18T09:16:34.591+0000] {taskinstance.py:2698} ERROR - Task failed with exception
Traceback (most recent call last):
  File "/home/airflow/.local/lib/python3.8/site-packages/airflow/models/taskinstance.py", line 433, in _execute_task
    result = execute_callable(context=context, **execute_callable_kwargs)
  File "/home/airflow/.local/lib/python3.8/site-packages/airflow/operators/bash.py", line 212, in execute
    raise AirflowException(
airflow.exceptions.AirflowException: Bash command failed. The command returned a non-zero exit code 1.
[2026-05-18T09:16:34.592+0000] {taskinstance.py:1138} INFO - Marking task as UP_FOR_RETRY. dag_id=supply_chain_pipeline, task_id=kafka_producer, execution_date=20260517T090000, start_date=20260518T091632, end_date=20260518T091634
[2026-05-18T09:16:34.598+0000] {standard_task_runner.py:107} ERROR - Failed to execute job 65 for task kafka_producer (Bash command failed. The command returned a non-zero exit code 1.; 15934)
[2026-05-18T09:16:34.618+0000] {local_task_job_runner.py:234} INFO - Task exited with return code 1
[2026-05-18T09:16:34.630+0000] {taskinstance.py:3280} INFO - 0 downstream tasks scheduled from follow-on schedule check
