[2026-05-14T12:23:31.221+0000] {taskinstance.py:1956} INFO - Dependencies all met for dep_context=non-requeueable deps ti=<TaskInstance: supply_chain_pipeline.kafka_consumer manual__2026-05-14T12:21:49.287689+00:00 [queued]>
[2026-05-14T12:23:31.229+0000] {taskinstance.py:1956} INFO - Dependencies all met for dep_context=requeueable deps ti=<TaskInstance: supply_chain_pipeline.kafka_consumer manual__2026-05-14T12:21:49.287689+00:00 [queued]>
[2026-05-14T12:23:31.229+0000] {taskinstance.py:2170} INFO - Starting attempt 1 of 3
[2026-05-14T12:23:31.240+0000] {taskinstance.py:2191} INFO - Executing <Task(BashOperator): kafka_consumer> on 2026-05-14 12:21:49.287689+00:00
[2026-05-14T12:23:31.243+0000] {standard_task_runner.py:60} INFO - Started process 413 to run task
[2026-05-14T12:23:31.246+0000] {standard_task_runner.py:87} INFO - Running: ['airflow', 'tasks', 'run', 'supply_chain_pipeline', 'kafka_consumer', 'manual__2026-05-14T12:21:49.287689+00:00', '--job-id', '35', '--raw', '--subdir', 'DAGS_FOLDER/supply_chain_pipeline.py', '--cfg-path', '/tmp/tmp5ten0shz']
[2026-05-14T12:23:31.248+0000] {standard_task_runner.py:88} INFO - Job 35: Subtask kafka_consumer
[2026-05-14T12:23:31.296+0000] {task_command.py:423} INFO - Running <TaskInstance: supply_chain_pipeline.kafka_consumer manual__2026-05-14T12:21:49.287689+00:00 [running]> on host 25ee09023a37
[2026-05-14T12:23:31.357+0000] {taskinstance.py:2480} INFO - Exporting env vars: AIRFLOW_CTX_DAG_OWNER='lovepreet' AIRFLOW_CTX_DAG_ID='supply_chain_pipeline' AIRFLOW_CTX_TASK_ID='kafka_consumer' AIRFLOW_CTX_EXECUTION_DATE='2026-05-14T12:21:49.287689+00:00' AIRFLOW_CTX_TRY_NUMBER='1' AIRFLOW_CTX_DAG_RUN_ID='manual__2026-05-14T12:21:49.287689+00:00'
[2026-05-14T12:23:31.358+0000] {subprocess.py:63} INFO - Tmp dir root location: /tmp
[2026-05-14T12:23:31.360+0000] {subprocess.py:75} INFO - Running command: ['/usr/bin/bash', '-c', 'python3 /opt/airflow/ingestion/kafka_consumer.py']
[2026-05-14T12:23:31.366+0000] {subprocess.py:86} INFO - Output:
[2026-05-14T12:23:45.025+0000] {subprocess.py:93} INFO - Starting consumer...
[2026-05-14T12:23:45.026+0000] {subprocess.py:93} INFO - Topic: shipment-events
[2026-05-14T12:23:45.027+0000] {subprocess.py:93} INFO - Writing to: MinIO Bronze bucket
[2026-05-14T12:23:45.027+0000] {subprocess.py:93} INFO - 
[2026-05-14T12:23:45.027+0000] {subprocess.py:93} INFO - Consumed: Order 2054 | Tablet | DELIVERED
[2026-05-14T12:23:45.028+0000] {subprocess.py:93} INFO - Consumed: Order 1548 | Headphones | OUT_FOR_DELIVERY
[2026-05-14T12:23:45.028+0000] {subprocess.py:93} INFO - Consumed: Order 6656 | Tablet | DELAYED
[2026-05-14T12:23:45.028+0000] {subprocess.py:93} INFO - Consumed: Order 2093 | Tablet | SHIPPED
[2026-05-14T12:23:45.028+0000] {subprocess.py:93} INFO - Consumed: Order 3271 | Laptop | OUT_FOR_DELIVERY
[2026-05-14T12:23:45.029+0000] {subprocess.py:93} INFO - Consumed: Order 7359 | Tablet | DELAYED
[2026-05-14T12:23:45.029+0000] {subprocess.py:93} INFO - Consumed: Order 6313 | Camera | SHIPPED
[2026-05-14T12:23:45.029+0000] {subprocess.py:93} INFO - Consumed: Order 1219 | Monitor | PROCESSING
[2026-05-14T12:23:45.029+0000] {subprocess.py:93} INFO - Consumed: Order 1382 | Headphones | IN_TRANSIT
[2026-05-14T12:23:45.030+0000] {subprocess.py:93} INFO - Consumed: Order 9367 | Laptop | OUT_FOR_DELIVERY
[2026-05-14T12:23:45.030+0000] {subprocess.py:93} INFO - ✅ Written batch 1 → bronze/shipments/2026/05/14/batch_1_122334.json (10 events)
[2026-05-14T12:23:45.030+0000] {subprocess.py:93} INFO - Consumed: Order 8125 | Tablet | PROCESSING
[2026-05-14T12:23:45.030+0000] {subprocess.py:93} INFO - Consumed: Order 8891 | Camera | SHIPPED
[2026-05-14T12:23:45.031+0000] {subprocess.py:93} INFO - Consumed: Order 1840 | Camera | PROCESSING
[2026-05-14T12:23:45.031+0000] {subprocess.py:93} INFO - Consumed: Order 9047 | Monitor | IN_TRANSIT
[2026-05-14T12:23:45.031+0000] {subprocess.py:93} INFO - Consumed: Order 7933 | Keyboard | IN_TRANSIT
[2026-05-14T12:23:45.031+0000] {subprocess.py:93} INFO - Consumed: Order 5445 | Keyboard | IN_TRANSIT
[2026-05-14T12:23:45.031+0000] {subprocess.py:93} INFO - Consumed: Order 8089 | Headphones | ORDER_PLACED
[2026-05-14T12:23:45.032+0000] {subprocess.py:93} INFO - Consumed: Order 8260 | Tablet | DELIVERED
[2026-05-14T12:23:45.032+0000] {subprocess.py:93} INFO - Consumed: Order 2602 | Keyboard | ORDER_PLACED
[2026-05-14T12:23:45.032+0000] {subprocess.py:93} INFO - Consumed: Order 8145 | Tablet | PROCESSING
[2026-05-14T12:23:45.032+0000] {subprocess.py:93} INFO - ✅ Written batch 2 → bronze/shipments/2026/05/14/batch_2_122334.json (10 events)
[2026-05-14T12:23:45.032+0000] {subprocess.py:93} INFO - Consumed: Order 1966 | Tablet | PROCESSING
[2026-05-14T12:23:45.033+0000] {subprocess.py:93} INFO - Consumed: Order 8989 | Monitor | ORDER_PLACED
[2026-05-14T12:23:45.033+0000] {subprocess.py:93} INFO - Consumed: Order 8319 | Keyboard | IN_TRANSIT
[2026-05-14T12:23:45.033+0000] {subprocess.py:93} INFO - Consumed: Order 1596 | Headphones | SHIPPED
[2026-05-14T12:23:45.033+0000] {subprocess.py:93} INFO - Consumed: Order 8646 | Headphones | PROCESSING
[2026-05-14T12:23:45.033+0000] {subprocess.py:93} INFO - Consumed: Order 5412 | Keyboard | SHIPPED
[2026-05-14T12:23:45.033+0000] {subprocess.py:93} INFO - Consumed: Order 2351 | Keyboard | SHIPPED
[2026-05-14T12:23:45.034+0000] {subprocess.py:93} INFO - Consumed: Order 9766 | Keyboard | PROCESSING
[2026-05-14T12:23:45.034+0000] {subprocess.py:93} INFO - Consumed: Order 4930 | Camera | DELIVERED
[2026-05-14T12:23:45.034+0000] {subprocess.py:93} INFO - Consumed: Order 8667 | Laptop | OUT_FOR_DELIVERY
[2026-05-14T12:23:45.034+0000] {subprocess.py:93} INFO - ✅ Written batch 3 → bronze/shipments/2026/05/14/batch_3_122335.json (10 events)
[2026-05-14T12:23:45.034+0000] {subprocess.py:93} INFO - Consumed: Order 2518 | Laptop | OUT_FOR_DELIVERY
[2026-05-14T12:23:45.034+0000] {subprocess.py:93} INFO - Consumed: Order 3349 | Keyboard | ORDER_PLACED
[2026-05-14T12:23:45.035+0000] {subprocess.py:93} INFO - Consumed: Order 2586 | Phone | DELAYED
[2026-05-14T12:23:45.035+0000] {subprocess.py:93} INFO - Consumed: Order 4050 | Keyboard | OUT_FOR_DELIVERY
[2026-05-14T12:23:45.035+0000] {subprocess.py:93} INFO - Consumed: Order 2273 | Laptop | ORDER_PLACED
[2026-05-14T12:23:45.035+0000] {subprocess.py:93} INFO - Consumed: Order 2182 | Tablet | ORDER_PLACED
[2026-05-14T12:23:45.035+0000] {subprocess.py:93} INFO - Consumed: Order 5347 | Monitor | OUT_FOR_DELIVERY
[2026-05-14T12:23:45.035+0000] {subprocess.py:93} INFO - Consumed: Order 4581 | Monitor | IN_TRANSIT
[2026-05-14T12:23:45.036+0000] {subprocess.py:93} INFO - Consumed: Order 6911 | Headphones | ORDER_PLACED
[2026-05-14T12:23:45.036+0000] {subprocess.py:93} INFO - Consumed: Order 7793 | Tablet | IN_TRANSIT
[2026-05-14T12:23:45.036+0000] {subprocess.py:93} INFO - ✅ Written batch 4 → bronze/shipments/2026/05/14/batch_4_122335.json (10 events)
[2026-05-14T12:23:45.036+0000] {subprocess.py:93} INFO - Consumed: Order 9761 | Headphones | ORDER_PLACED
[2026-05-14T12:23:45.037+0000] {subprocess.py:93} INFO - Consumed: Order 6802 | Laptop | SHIPPED
[2026-05-14T12:23:45.037+0000] {subprocess.py:93} INFO - Consumed: Order 2859 | Tablet | OUT_FOR_DELIVERY
[2026-05-14T12:23:45.037+0000] {subprocess.py:93} INFO - Consumed: Order 5121 | Headphones | IN_TRANSIT
[2026-05-14T12:23:45.037+0000] {subprocess.py:93} INFO - Consumed: Order 5620 | Tablet | SHIPPED
[2026-05-14T12:23:45.037+0000] {subprocess.py:93} INFO - Consumed: Order 5031 | Monitor | ORDER_PLACED
[2026-05-14T12:23:45.037+0000] {subprocess.py:93} INFO - Consumed: Order 7222 | Camera | ORDER_PLACED
[2026-05-14T12:23:45.038+0000] {subprocess.py:93} INFO - Consumed: Order 6568 | Phone | DELIVERED
[2026-05-14T12:23:45.038+0000] {subprocess.py:93} INFO - Consumed: Order 7928 | Phone | PROCESSING
[2026-05-14T12:23:45.038+0000] {subprocess.py:93} INFO - Consumed: Order 2404 | Camera | IN_TRANSIT
[2026-05-14T12:23:45.038+0000] {subprocess.py:93} INFO - ✅ Written batch 5 → bronze/shipments/2026/05/14/batch_5_122335.json (10 events)
[2026-05-14T12:23:45.038+0000] {subprocess.py:93} INFO - Consumed: Order 7395 | Phone | ORDER_PLACED
[2026-05-14T12:23:45.038+0000] {subprocess.py:93} INFO - Consumed: Order 3335 | Monitor | PROCESSING
[2026-05-14T12:23:45.039+0000] {subprocess.py:93} INFO - Consumed: Order 8794 | Tablet | ORDER_PLACED
[2026-05-14T12:23:45.039+0000] {subprocess.py:93} INFO - Consumed: Order 8785 | Camera | ORDER_PLACED
[2026-05-14T12:23:45.039+0000] {subprocess.py:93} INFO - Consumed: Order 8741 | Laptop | DELIVERED
[2026-05-14T12:23:45.039+0000] {subprocess.py:93} INFO - Consumed: Order 4105 | Keyboard | OUT_FOR_DELIVERY
[2026-05-14T12:23:45.039+0000] {subprocess.py:93} INFO - Consumed: Order 8173 | Laptop | ORDER_PLACED
[2026-05-14T12:23:45.039+0000] {subprocess.py:93} INFO - Consumed: Order 4724 | Camera | PROCESSING
[2026-05-14T12:23:45.039+0000] {subprocess.py:93} INFO - Consumed: Order 1167 | Laptop | IN_TRANSIT
[2026-05-14T12:23:45.040+0000] {subprocess.py:93} INFO - Consumed: Order 7163 | Laptop | PROCESSING
[2026-05-14T12:23:45.040+0000] {subprocess.py:93} INFO - ✅ Written batch 6 → bronze/shipments/2026/05/14/batch_6_122335.json (10 events)
[2026-05-14T12:23:45.040+0000] {subprocess.py:93} INFO - Consumed: Order 2473 | Camera | SHIPPED
[2026-05-14T12:23:45.040+0000] {subprocess.py:93} INFO - Consumed: Order 5391 | Camera | PROCESSING
[2026-05-14T12:23:45.040+0000] {subprocess.py:93} INFO - Consumed: Order 5621 | Tablet | PROCESSING
[2026-05-14T12:23:45.040+0000] {subprocess.py:93} INFO - Consumed: Order 3390 | Monitor | DELIVERED
[2026-05-14T12:23:45.041+0000] {subprocess.py:93} INFO - Consumed: Order 2583 | Camera | PROCESSING
[2026-05-14T12:23:45.041+0000] {subprocess.py:93} INFO - Consumed: Order 6559 | Laptop | ORDER_PLACED
[2026-05-14T12:23:45.041+0000] {subprocess.py:93} INFO - Consumed: Order 2454 | Phone | DELAYED
[2026-05-14T12:23:45.041+0000] {subprocess.py:93} INFO - Consumed: Order 4113 | Monitor | DELIVERED
[2026-05-14T12:23:45.041+0000] {subprocess.py:93} INFO - Consumed: Order 9699 | Monitor | OUT_FOR_DELIVERY
[2026-05-14T12:23:45.041+0000] {subprocess.py:93} INFO - Consumed: Order 2671 | Laptop | OUT_FOR_DELIVERY
[2026-05-14T12:23:45.041+0000] {subprocess.py:93} INFO - ✅ Written batch 7 → bronze/shipments/2026/05/14/batch_7_122335.json (10 events)
[2026-05-14T12:23:45.042+0000] {subprocess.py:93} INFO - Consumed: Order 1967 | Camera | PROCESSING
[2026-05-14T12:23:45.042+0000] {subprocess.py:93} INFO - Consumed: Order 4698 | Tablet | DELAYED
[2026-05-14T12:23:45.042+0000] {subprocess.py:93} INFO - Consumed: Order 5067 | Tablet | SHIPPED
[2026-05-14T12:23:45.042+0000] {subprocess.py:93} INFO - Consumed: Order 7034 | Laptop | DELAYED
[2026-05-14T12:23:45.042+0000] {subprocess.py:93} INFO - Consumed: Order 7904 | Headphones | IN_TRANSIT
[2026-05-14T12:23:45.042+0000] {subprocess.py:93} INFO - Consumed: Order 7837 | Headphones | PROCESSING
[2026-05-14T12:23:45.042+0000] {subprocess.py:93} INFO - Consumed: Order 2870 | Keyboard | DELAYED
[2026-05-14T12:23:45.043+0000] {subprocess.py:93} INFO - Consumed: Order 4776 | Camera | DELAYED
[2026-05-14T12:23:45.043+0000] {subprocess.py:93} INFO - Consumed: Order 4080 | Laptop | ORDER_PLACED
[2026-05-14T12:23:45.043+0000] {subprocess.py:93} INFO - Consumed: Order 3333 | Monitor | PROCESSING
[2026-05-14T12:23:45.043+0000] {subprocess.py:93} INFO - ✅ Written batch 8 → bronze/shipments/2026/05/14/batch_8_122335.json (10 events)
[2026-05-14T12:23:45.043+0000] {subprocess.py:93} INFO - Consumed: Order 3694 | Keyboard | DELIVERED
[2026-05-14T12:23:45.043+0000] {subprocess.py:93} INFO - Consumed: Order 5442 | Monitor | SHIPPED
[2026-05-14T12:23:45.044+0000] {subprocess.py:93} INFO - Consumed: Order 5724 | Laptop | ORDER_PLACED
[2026-05-14T12:23:45.044+0000] {subprocess.py:93} INFO - Consumed: Order 4975 | Keyboard | IN_TRANSIT
[2026-05-14T12:23:45.044+0000] {subprocess.py:93} INFO - Consumed: Order 1788 | Headphones | DELAYED
[2026-05-14T12:23:45.044+0000] {subprocess.py:93} INFO - Consumed: Order 6171 | Tablet | SHIPPED
[2026-05-14T12:23:45.044+0000] {subprocess.py:93} INFO - Consumed: Order 2441 | Headphones | OUT_FOR_DELIVERY
[2026-05-14T12:23:45.044+0000] {subprocess.py:93} INFO - Consumed: Order 4872 | Headphones | SHIPPED
[2026-05-14T12:23:45.045+0000] {subprocess.py:93} INFO - Consumed: Order 5001 | Headphones | DELAYED
[2026-05-14T12:23:45.045+0000] {subprocess.py:93} INFO - Consumed: Order 4388 | Laptop | OUT_FOR_DELIVERY
[2026-05-14T12:23:45.045+0000] {subprocess.py:93} INFO - ✅ Written batch 9 → bronze/shipments/2026/05/14/batch_9_122335.json (10 events)
[2026-05-14T12:23:45.045+0000] {subprocess.py:93} INFO - Consumed: Order 4710 | Monitor | DELAYED
[2026-05-14T12:23:45.046+0000] {subprocess.py:93} INFO - Consumed: Order 9681 | Tablet | SHIPPED
[2026-05-14T12:23:45.046+0000] {subprocess.py:93} INFO - Consumed: Order 8857 | Tablet | PROCESSING
[2026-05-14T12:23:45.046+0000] {subprocess.py:93} INFO - Consumed: Order 3114 | Camera | OUT_FOR_DELIVERY
[2026-05-14T12:23:45.046+0000] {subprocess.py:93} INFO - Consumed: Order 6697 | Monitor | ORDER_PLACED
[2026-05-14T12:23:45.046+0000] {subprocess.py:93} INFO - Consumed: Order 9274 | Phone | DELIVERED
[2026-05-14T12:23:45.046+0000] {subprocess.py:93} INFO - Consumed: Order 7171 | Laptop | OUT_FOR_DELIVERY
[2026-05-14T12:23:45.046+0000] {subprocess.py:93} INFO - Consumed: Order 8603 | Tablet | PROCESSING
[2026-05-14T12:23:45.047+0000] {subprocess.py:93} INFO - Consumed: Order 7209 | Headphones | ORDER_PLACED
[2026-05-14T12:23:45.047+0000] {subprocess.py:93} INFO - Consumed: Order 3193 | Laptop | DELIVERED
[2026-05-14T12:23:45.047+0000] {subprocess.py:93} INFO - ✅ Written batch 10 → bronze/shipments/2026/05/14/batch_10_122335.json (10 events)
[2026-05-14T12:23:45.047+0000] {subprocess.py:93} INFO - Consumer finished — no more messages!
[2026-05-14T12:23:45.064+0000] {subprocess.py:97} INFO - Command exited with return code 0
[2026-05-14T12:23:45.091+0000] {taskinstance.py:1138} INFO - Marking task as SUCCESS. dag_id=supply_chain_pipeline, task_id=kafka_consumer, execution_date=20260514T122149, start_date=20260514T122331, end_date=20260514T122345
[2026-05-14T12:23:45.108+0000] {local_task_job_runner.py:234} INFO - Task exited with return code 0
[2026-05-14T12:23:45.129+0000] {taskinstance.py:3280} INFO - 1 downstream tasks scheduled from follow-on schedule check
