[2026-05-14T11:13:15.239+0000] {taskinstance.py:1956} INFO - Dependencies all met for dep_context=non-requeueable deps ti=<TaskInstance: supply_chain_pipeline.kafka_producer scheduled__2026-05-13T09:00:00+00:00 [queued]>
[2026-05-14T11:13:15.249+0000] {taskinstance.py:1956} INFO - Dependencies all met for dep_context=requeueable deps ti=<TaskInstance: supply_chain_pipeline.kafka_producer scheduled__2026-05-13T09:00:00+00:00 [queued]>
[2026-05-14T11:13:15.250+0000] {taskinstance.py:2170} INFO - Starting attempt 3 of 3
[2026-05-14T11:13:15.279+0000] {taskinstance.py:2191} INFO - Executing <Task(BashOperator): kafka_producer> on 2026-05-13 09:00:00+00:00
[2026-05-14T11:13:15.284+0000] {standard_task_runner.py:60} INFO - Started process 172 to run task
[2026-05-14T11:13:15.287+0000] {standard_task_runner.py:87} INFO - Running: ['airflow', 'tasks', 'run', 'supply_chain_pipeline', 'kafka_producer', 'scheduled__2026-05-13T09:00:00+00:00', '--job-id', '10', '--raw', '--subdir', 'DAGS_FOLDER/supply_chain_pipeline.py', '--cfg-path', '/tmp/tmp9vi5kwfs']
[2026-05-14T11:13:15.289+0000] {standard_task_runner.py:88} INFO - Job 10: Subtask kafka_producer
[2026-05-14T11:13:15.348+0000] {task_command.py:423} INFO - Running <TaskInstance: supply_chain_pipeline.kafka_producer scheduled__2026-05-13T09:00:00+00:00 [running]> on host 1244e3fd7ce2
[2026-05-14T11:13:15.432+0000] {taskinstance.py:2480} INFO - Exporting env vars: AIRFLOW_CTX_DAG_OWNER='lovepreet' AIRFLOW_CTX_DAG_ID='supply_chain_pipeline' AIRFLOW_CTX_TASK_ID='kafka_producer' AIRFLOW_CTX_EXECUTION_DATE='2026-05-13T09:00:00+00:00' AIRFLOW_CTX_TRY_NUMBER='3' AIRFLOW_CTX_DAG_RUN_ID='scheduled__2026-05-13T09:00:00+00:00'
[2026-05-14T11:13:15.434+0000] {subprocess.py:63} INFO - Tmp dir root location: /tmp
[2026-05-14T11:13:15.435+0000] {subprocess.py:75} INFO - Running command: ['/usr/bin/bash', '-c', 'python3 /opt/airflow/ingestion/kafka_producer.py']
[2026-05-14T11:13:15.440+0000] {subprocess.py:86} INFO - Output:
[2026-05-14T11:13:15.470+0000] {subprocess.py:93} INFO - Traceback (most recent call last):
[2026-05-14T11:13:15.471+0000] {subprocess.py:93} INFO -   File "/opt/airflow/ingestion/kafka_producer.py", line 12, in <module>
[2026-05-14T11:13:15.471+0000] {subprocess.py:93} INFO -     from kafka import KafkaProducer
[2026-05-14T11:13:15.471+0000] {subprocess.py:93} INFO - ModuleNotFoundError: No module named 'kafka'
[2026-05-14T11:13:15.473+0000] {subprocess.py:97} INFO - Command exited with return code 1
[2026-05-14T11:13:15.484+0000] {taskinstance.py:2698} ERROR - Task failed with exception
Traceback (most recent call last):
  File "/home/airflow/.local/lib/python3.8/site-packages/airflow/models/taskinstance.py", line 433, in _execute_task
    result = execute_callable(context=context, **execute_callable_kwargs)
  File "/home/airflow/.local/lib/python3.8/site-packages/airflow/operators/bash.py", line 212, in execute
    raise AirflowException(
airflow.exceptions.AirflowException: Bash command failed. The command returned a non-zero exit code 1.
[2026-05-14T11:13:15.489+0000] {taskinstance.py:1138} INFO - Marking task as FAILED. dag_id=supply_chain_pipeline, task_id=kafka_producer, execution_date=20260513T090000, start_date=20260514T111315, end_date=20260514T111315
[2026-05-14T11:13:15.498+0000] {standard_task_runner.py:107} ERROR - Failed to execute job 10 for task kafka_producer (Bash command failed. The command returned a non-zero exit code 1.; 172)
[2026-05-14T11:13:15.508+0000] {local_task_job_runner.py:234} INFO - Task exited with return code 1
[2026-05-14T11:13:15.530+0000] {taskinstance.py:3280} INFO - 0 downstream tasks scheduled from follow-on schedule check
[2026-05-14T11:45:45.422+0000] {taskinstance.py:1956} INFO - Dependencies all met for dep_context=non-requeueable deps ti=<TaskInstance: supply_chain_pipeline.kafka_producer scheduled__2026-05-13T09:00:00+00:00 [queued]>
[2026-05-14T11:45:45.428+0000] {taskinstance.py:1956} INFO - Dependencies all met for dep_context=requeueable deps ti=<TaskInstance: supply_chain_pipeline.kafka_producer scheduled__2026-05-13T09:00:00+00:00 [queued]>
[2026-05-14T11:45:45.429+0000] {taskinstance.py:2170} INFO - Starting attempt 3 of 5
[2026-05-14T11:45:45.436+0000] {taskinstance.py:2191} INFO - Executing <Task(BashOperator): kafka_producer> on 2026-05-13 09:00:00+00:00
[2026-05-14T11:45:45.439+0000] {standard_task_runner.py:60} INFO - Started process 375 to run task
[2026-05-14T11:45:45.442+0000] {standard_task_runner.py:87} INFO - Running: ['airflow', 'tasks', 'run', 'supply_chain_pipeline', 'kafka_producer', 'scheduled__2026-05-13T09:00:00+00:00', '--job-id', '20', '--raw', '--subdir', 'DAGS_FOLDER/supply_chain_pipeline.py', '--cfg-path', '/tmp/tmp15ldkvki']
[2026-05-14T11:45:45.443+0000] {standard_task_runner.py:88} INFO - Job 20: Subtask kafka_producer
[2026-05-14T11:45:45.479+0000] {task_command.py:423} INFO - Running <TaskInstance: supply_chain_pipeline.kafka_producer scheduled__2026-05-13T09:00:00+00:00 [running]> on host e68afba521da
[2026-05-14T11:45:45.530+0000] {taskinstance.py:2480} INFO - Exporting env vars: AIRFLOW_CTX_DAG_OWNER='lovepreet' AIRFLOW_CTX_DAG_ID='supply_chain_pipeline' AIRFLOW_CTX_TASK_ID='kafka_producer' AIRFLOW_CTX_EXECUTION_DATE='2026-05-13T09:00:00+00:00' AIRFLOW_CTX_TRY_NUMBER='3' AIRFLOW_CTX_DAG_RUN_ID='scheduled__2026-05-13T09:00:00+00:00'
[2026-05-14T11:45:45.530+0000] {subprocess.py:63} INFO - Tmp dir root location: /tmp
[2026-05-14T11:45:45.531+0000] {subprocess.py:75} INFO - Running command: ['/usr/bin/bash', '-c', 'python3 /opt/airflow/ingestion/kafka_producer.py']
[2026-05-14T11:45:45.537+0000] {subprocess.py:86} INFO - Output:
[2026-05-14T11:46:05.625+0000] {local_task_job_runner.py:302} WARNING - State of this instance has been externally set to failed. Terminating instance.
[2026-05-14T11:46:05.629+0000] {process_utils.py:131} INFO - Sending 15 to group 375. PIDs of all processes in the group: [376, 375]
[2026-05-14T11:46:05.630+0000] {process_utils.py:86} INFO - Sending the signal 15 to group 375
[2026-05-14T11:46:05.631+0000] {taskinstance.py:2450} ERROR - Received SIGTERM. Terminating subprocesses.
[2026-05-14T11:46:05.633+0000] {subprocess.py:104} INFO - Sending SIGTERM signal to process group
[2026-05-14T11:46:05.691+0000] {process_utils.py:79} INFO - Process psutil.Process(pid=375, status='terminated', exitcode=0, started='11:45:45') (375) terminated with exit code 0
[2026-05-14T11:46:05.692+0000] {process_utils.py:79} INFO - Process psutil.Process(pid=376, status='terminated', started='11:45:45') (376) terminated with exit code None
[2026-05-14T11:58:36.806+0000] {taskinstance.py:1956} INFO - Dependencies all met for dep_context=non-requeueable deps ti=<TaskInstance: supply_chain_pipeline.kafka_producer scheduled__2026-05-13T09:00:00+00:00 [queued]>
[2026-05-14T11:58:36.817+0000] {taskinstance.py:1956} INFO - Dependencies all met for dep_context=requeueable deps ti=<TaskInstance: supply_chain_pipeline.kafka_producer scheduled__2026-05-13T09:00:00+00:00 [queued]>
[2026-05-14T11:58:36.819+0000] {taskinstance.py:2170} INFO - Starting attempt 3 of 3
[2026-05-14T11:58:36.831+0000] {taskinstance.py:2191} INFO - Executing <Task(BashOperator): kafka_producer> on 2026-05-13 09:00:00+00:00
[2026-05-14T11:58:36.834+0000] {standard_task_runner.py:60} INFO - Started process 532 to run task
[2026-05-14T11:58:36.838+0000] {standard_task_runner.py:87} INFO - Running: ['airflow', 'tasks', 'run', 'supply_chain_pipeline', 'kafka_producer', 'scheduled__2026-05-13T09:00:00+00:00', '--job-id', '26', '--raw', '--subdir', 'DAGS_FOLDER/supply_chain_pipeline.py', '--cfg-path', '/tmp/tmpk47ywh_0']
[2026-05-14T11:58:36.840+0000] {standard_task_runner.py:88} INFO - Job 26: Subtask kafka_producer
[2026-05-14T11:58:36.924+0000] {task_command.py:423} INFO - Running <TaskInstance: supply_chain_pipeline.kafka_producer scheduled__2026-05-13T09:00:00+00:00 [running]> on host e68afba521da
[2026-05-14T11:58:37.000+0000] {taskinstance.py:2480} INFO - Exporting env vars: AIRFLOW_CTX_DAG_OWNER='lovepreet' AIRFLOW_CTX_DAG_ID='supply_chain_pipeline' AIRFLOW_CTX_TASK_ID='kafka_producer' AIRFLOW_CTX_EXECUTION_DATE='2026-05-13T09:00:00+00:00' AIRFLOW_CTX_TRY_NUMBER='3' AIRFLOW_CTX_DAG_RUN_ID='scheduled__2026-05-13T09:00:00+00:00'
[2026-05-14T11:58:37.001+0000] {subprocess.py:63} INFO - Tmp dir root location: /tmp
[2026-05-14T11:58:37.002+0000] {subprocess.py:75} INFO - Running command: ['/usr/bin/bash', '-c', 'python3 /opt/airflow/ingestion/kafka_producer.py']
[2026-05-14T11:58:37.008+0000] {subprocess.py:86} INFO - Output:
[2026-05-14T11:59:37.264+0000] {subprocess.py:93} INFO - Starting shipment event producer...
[2026-05-14T11:59:37.266+0000] {subprocess.py:93} INFO - Sending to topic: shipment-events
[2026-05-14T11:59:37.267+0000] {subprocess.py:93} INFO - Broker: kafka:9092
[2026-05-14T11:59:37.267+0000] {subprocess.py:93} INFO - 
[2026-05-14T11:59:37.267+0000] {subprocess.py:93} INFO - Traceback (most recent call last):
[2026-05-14T11:59:37.268+0000] {subprocess.py:93} INFO -   File "/opt/airflow/ingestion/kafka_producer.py", line 96, in <module>
[2026-05-14T11:59:37.268+0000] {subprocess.py:93} INFO -     send_events(num_events=100, delay_seconds=1)
[2026-05-14T11:59:37.268+0000] {subprocess.py:93} INFO -   File "/opt/airflow/ingestion/kafka_producer.py", line 80, in send_events
[2026-05-14T11:59:37.269+0000] {subprocess.py:93} INFO -     producer.send(
[2026-05-14T11:59:37.269+0000] {subprocess.py:93} INFO -   File "/home/airflow/.local/lib/python3.8/site-packages/kafka/producer/kafka.py", line 844, in send
[2026-05-14T11:59:37.269+0000] {subprocess.py:93} INFO -     self._wait_on_metadata(topic, timer.timeout_ms)
[2026-05-14T11:59:37.270+0000] {subprocess.py:93} INFO -   File "/home/airflow/.local/lib/python3.8/site-packages/kafka/producer/kafka.py", line 968, in _wait_on_metadata
[2026-05-14T11:59:37.270+0000] {subprocess.py:93} INFO -     raise Errors.KafkaTimeoutError(
[2026-05-14T11:59:37.270+0000] {subprocess.py:93} INFO - kafka.errors.KafkaTimeoutError: KafkaTimeoutError: Failed to update metadata after 60.0 secs.
[2026-05-14T11:59:37.314+0000] {subprocess.py:97} INFO - Command exited with return code 1
[2026-05-14T11:59:37.327+0000] {taskinstance.py:2698} ERROR - Task failed with exception
Traceback (most recent call last):
  File "/home/airflow/.local/lib/python3.8/site-packages/airflow/models/taskinstance.py", line 433, in _execute_task
    result = execute_callable(context=context, **execute_callable_kwargs)
  File "/home/airflow/.local/lib/python3.8/site-packages/airflow/operators/bash.py", line 212, in execute
    raise AirflowException(
airflow.exceptions.AirflowException: Bash command failed. The command returned a non-zero exit code 1.
[2026-05-14T11:59:37.330+0000] {taskinstance.py:1138} INFO - Marking task as FAILED. dag_id=supply_chain_pipeline, task_id=kafka_producer, execution_date=20260513T090000, start_date=20260514T115836, end_date=20260514T115937
[2026-05-14T11:59:37.339+0000] {standard_task_runner.py:107} ERROR - Failed to execute job 26 for task kafka_producer (Bash command failed. The command returned a non-zero exit code 1.; 532)
[2026-05-14T11:59:37.353+0000] {local_task_job_runner.py:234} INFO - Task exited with return code 1
[2026-05-14T11:59:37.372+0000] {taskinstance.py:3280} INFO - 0 downstream tasks scheduled from follow-on schedule check
