[2026-05-14T11:08:14.404+0000] {taskinstance.py:1956} INFO - Dependencies all met for dep_context=non-requeueable deps ti=<TaskInstance: supply_chain_pipeline.kafka_producer scheduled__2026-05-13T09:00:00+00:00 [queued]>
[2026-05-14T11:08:14.411+0000] {taskinstance.py:1956} INFO - Dependencies all met for dep_context=requeueable deps ti=<TaskInstance: supply_chain_pipeline.kafka_producer scheduled__2026-05-13T09:00:00+00:00 [queued]>
[2026-05-14T11:08:14.411+0000] {taskinstance.py:2170} INFO - Starting attempt 2 of 3
[2026-05-14T11:08:14.424+0000] {taskinstance.py:2191} INFO - Executing <Task(BashOperator): kafka_producer> on 2026-05-13 09:00:00+00:00
[2026-05-14T11:08:14.427+0000] {standard_task_runner.py:60} INFO - Started process 258 to run task
[2026-05-14T11:08:14.430+0000] {standard_task_runner.py:87} INFO - Running: ['airflow', 'tasks', 'run', 'supply_chain_pipeline', 'kafka_producer', 'scheduled__2026-05-13T09:00:00+00:00', '--job-id', '7', '--raw', '--subdir', 'DAGS_FOLDER/supply_chain_pipeline.py', '--cfg-path', '/tmp/tmp2jf29rxu']
[2026-05-14T11:08:14.432+0000] {standard_task_runner.py:88} INFO - Job 7: Subtask kafka_producer
[2026-05-14T11:08:14.476+0000] {task_command.py:423} INFO - Running <TaskInstance: supply_chain_pipeline.kafka_producer scheduled__2026-05-13T09:00:00+00:00 [running]> on host 35ffa26b18d6
[2026-05-14T11:08:14.534+0000] {taskinstance.py:2480} INFO - Exporting env vars: AIRFLOW_CTX_DAG_OWNER='lovepreet' AIRFLOW_CTX_DAG_ID='supply_chain_pipeline' AIRFLOW_CTX_TASK_ID='kafka_producer' AIRFLOW_CTX_EXECUTION_DATE='2026-05-13T09:00:00+00:00' AIRFLOW_CTX_TRY_NUMBER='2' AIRFLOW_CTX_DAG_RUN_ID='scheduled__2026-05-13T09:00:00+00:00'
[2026-05-14T11:08:14.535+0000] {subprocess.py:63} INFO - Tmp dir root location: /tmp
[2026-05-14T11:08:14.536+0000] {subprocess.py:75} INFO - Running command: ['/usr/bin/bash', '-c', 'python3 /opt/airflow/dags/../../ingestion/kafka_producer.py']
[2026-05-14T11:08:14.542+0000] {subprocess.py:86} INFO - Output:
[2026-05-14T11:08:14.564+0000] {subprocess.py:93} INFO - python3: can't open file '/opt/airflow/dags/../../ingestion/kafka_producer.py': [Errno 2] No such file or directory
[2026-05-14T11:08:14.566+0000] {subprocess.py:97} INFO - Command exited with return code 2
[2026-05-14T11:08:14.575+0000] {taskinstance.py:2698} ERROR - Task failed with exception
Traceback (most recent call last):
  File "/home/airflow/.local/lib/python3.8/site-packages/airflow/models/taskinstance.py", line 433, in _execute_task
    result = execute_callable(context=context, **execute_callable_kwargs)
  File "/home/airflow/.local/lib/python3.8/site-packages/airflow/operators/bash.py", line 212, in execute
    raise AirflowException(
airflow.exceptions.AirflowException: Bash command failed. The command returned a non-zero exit code 2.
[2026-05-14T11:08:14.581+0000] {taskinstance.py:1138} INFO - Marking task as UP_FOR_RETRY. dag_id=supply_chain_pipeline, task_id=kafka_producer, execution_date=20260513T090000, start_date=20260514T110814, end_date=20260514T110814
[2026-05-14T11:08:14.589+0000] {standard_task_runner.py:107} ERROR - Failed to execute job 7 for task kafka_producer (Bash command failed. The command returned a non-zero exit code 2.; 258)
[2026-05-14T11:08:14.621+0000] {local_task_job_runner.py:234} INFO - Task exited with return code 1
[2026-05-14T11:08:14.802+0000] {taskinstance.py:3280} INFO - 0 downstream tasks scheduled from follow-on schedule check
[2026-05-14T11:41:07.298+0000] {taskinstance.py:1956} INFO - Dependencies all met for dep_context=non-requeueable deps ti=<TaskInstance: supply_chain_pipeline.kafka_producer scheduled__2026-05-13T09:00:00+00:00 [queued]>
[2026-05-14T11:41:07.308+0000] {taskinstance.py:1956} INFO - Dependencies all met for dep_context=requeueable deps ti=<TaskInstance: supply_chain_pipeline.kafka_producer scheduled__2026-05-13T09:00:00+00:00 [queued]>
[2026-05-14T11:41:07.309+0000] {taskinstance.py:2170} INFO - Starting attempt 2 of 3
[2026-05-14T11:41:07.319+0000] {taskinstance.py:2191} INFO - Executing <Task(BashOperator): kafka_producer> on 2026-05-13 09:00:00+00:00
[2026-05-14T11:41:07.324+0000] {standard_task_runner.py:60} INFO - Started process 317 to run task
[2026-05-14T11:41:07.327+0000] {standard_task_runner.py:87} INFO - Running: ['airflow', 'tasks', 'run', 'supply_chain_pipeline', 'kafka_producer', 'scheduled__2026-05-13T09:00:00+00:00', '--job-id', '18', '--raw', '--subdir', 'DAGS_FOLDER/supply_chain_pipeline.py', '--cfg-path', '/tmp/tmp3y33tunq']
[2026-05-14T11:41:07.329+0000] {standard_task_runner.py:88} INFO - Job 18: Subtask kafka_producer
[2026-05-14T11:41:07.377+0000] {task_command.py:423} INFO - Running <TaskInstance: supply_chain_pipeline.kafka_producer scheduled__2026-05-13T09:00:00+00:00 [running]> on host e68afba521da
[2026-05-14T11:41:07.489+0000] {taskinstance.py:2480} INFO - Exporting env vars: AIRFLOW_CTX_DAG_OWNER='lovepreet' AIRFLOW_CTX_DAG_ID='supply_chain_pipeline' AIRFLOW_CTX_TASK_ID='kafka_producer' AIRFLOW_CTX_EXECUTION_DATE='2026-05-13T09:00:00+00:00' AIRFLOW_CTX_TRY_NUMBER='2' AIRFLOW_CTX_DAG_RUN_ID='scheduled__2026-05-13T09:00:00+00:00'
[2026-05-14T11:41:07.490+0000] {subprocess.py:63} INFO - Tmp dir root location: /tmp
[2026-05-14T11:41:07.491+0000] {subprocess.py:75} INFO - Running command: ['/usr/bin/bash', '-c', 'python3 /opt/airflow/ingestion/kafka_producer.py']
[2026-05-14T11:41:07.496+0000] {subprocess.py:86} INFO - Output:
[2026-05-14T11:42:07.815+0000] {subprocess.py:93} INFO - Starting shipment event producer...
[2026-05-14T11:42:07.819+0000] {subprocess.py:93} INFO - Sending to topic: shipment-events
[2026-05-14T11:42:07.819+0000] {subprocess.py:93} INFO - Broker: kafka:9092
[2026-05-14T11:42:07.820+0000] {subprocess.py:93} INFO - 
[2026-05-14T11:42:07.820+0000] {subprocess.py:93} INFO - Traceback (most recent call last):
[2026-05-14T11:42:07.821+0000] {subprocess.py:93} INFO -   File "/opt/airflow/ingestion/kafka_producer.py", line 96, in <module>
[2026-05-14T11:42:07.821+0000] {subprocess.py:93} INFO -     send_events(num_events=100, delay_seconds=1)
[2026-05-14T11:42:07.821+0000] {subprocess.py:93} INFO -   File "/opt/airflow/ingestion/kafka_producer.py", line 80, in send_events
[2026-05-14T11:42:07.822+0000] {subprocess.py:93} INFO -     producer.send(
[2026-05-14T11:42:07.822+0000] {subprocess.py:93} INFO -   File "/home/airflow/.local/lib/python3.8/site-packages/kafka/producer/kafka.py", line 844, in send
[2026-05-14T11:42:07.822+0000] {subprocess.py:93} INFO -     self._wait_on_metadata(topic, timer.timeout_ms)
[2026-05-14T11:42:07.823+0000] {subprocess.py:93} INFO -   File "/home/airflow/.local/lib/python3.8/site-packages/kafka/producer/kafka.py", line 968, in _wait_on_metadata
[2026-05-14T11:42:07.824+0000] {subprocess.py:93} INFO -     raise Errors.KafkaTimeoutError(
[2026-05-14T11:42:07.824+0000] {subprocess.py:93} INFO - kafka.errors.KafkaTimeoutError: KafkaTimeoutError: Failed to update metadata after 60.0 secs.
[2026-05-14T11:42:07.880+0000] {subprocess.py:97} INFO - Command exited with return code 1
[2026-05-14T11:42:07.903+0000] {taskinstance.py:2698} ERROR - Task failed with exception
Traceback (most recent call last):
  File "/home/airflow/.local/lib/python3.8/site-packages/airflow/models/taskinstance.py", line 433, in _execute_task
    result = execute_callable(context=context, **execute_callable_kwargs)
  File "/home/airflow/.local/lib/python3.8/site-packages/airflow/operators/bash.py", line 212, in execute
    raise AirflowException(
airflow.exceptions.AirflowException: Bash command failed. The command returned a non-zero exit code 1.
[2026-05-14T11:42:07.908+0000] {taskinstance.py:1138} INFO - Marking task as UP_FOR_RETRY. dag_id=supply_chain_pipeline, task_id=kafka_producer, execution_date=20260513T090000, start_date=20260514T114107, end_date=20260514T114207
[2026-05-14T11:42:07.920+0000] {standard_task_runner.py:107} ERROR - Failed to execute job 18 for task kafka_producer (Bash command failed. The command returned a non-zero exit code 1.; 317)
[2026-05-14T11:42:07.931+0000] {local_task_job_runner.py:234} INFO - Task exited with return code 1
[2026-05-14T11:42:07.957+0000] {taskinstance.py:3280} INFO - 0 downstream tasks scheduled from follow-on schedule check
[2026-05-14T11:52:35.864+0000] {taskinstance.py:1956} INFO - Dependencies all met for dep_context=non-requeueable deps ti=<TaskInstance: supply_chain_pipeline.kafka_producer scheduled__2026-05-13T09:00:00+00:00 [queued]>
[2026-05-14T11:52:35.873+0000] {taskinstance.py:1956} INFO - Dependencies all met for dep_context=requeueable deps ti=<TaskInstance: supply_chain_pipeline.kafka_producer scheduled__2026-05-13T09:00:00+00:00 [queued]>
[2026-05-14T11:52:35.874+0000] {taskinstance.py:2170} INFO - Starting attempt 2 of 3
[2026-05-14T11:52:35.883+0000] {taskinstance.py:2191} INFO - Executing <Task(BashOperator): kafka_producer> on 2026-05-13 09:00:00+00:00
[2026-05-14T11:52:35.889+0000] {standard_task_runner.py:60} INFO - Started process 462 to run task
[2026-05-14T11:52:35.892+0000] {standard_task_runner.py:87} INFO - Running: ['airflow', 'tasks', 'run', 'supply_chain_pipeline', 'kafka_producer', 'scheduled__2026-05-13T09:00:00+00:00', '--job-id', '23', '--raw', '--subdir', 'DAGS_FOLDER/supply_chain_pipeline.py', '--cfg-path', '/tmp/tmpc1hlxdyd']
[2026-05-14T11:52:35.894+0000] {standard_task_runner.py:88} INFO - Job 23: Subtask kafka_producer
[2026-05-14T11:52:35.932+0000] {task_command.py:423} INFO - Running <TaskInstance: supply_chain_pipeline.kafka_producer scheduled__2026-05-13T09:00:00+00:00 [running]> on host e68afba521da
[2026-05-14T11:52:35.983+0000] {taskinstance.py:2480} INFO - Exporting env vars: AIRFLOW_CTX_DAG_OWNER='lovepreet' AIRFLOW_CTX_DAG_ID='supply_chain_pipeline' AIRFLOW_CTX_TASK_ID='kafka_producer' AIRFLOW_CTX_EXECUTION_DATE='2026-05-13T09:00:00+00:00' AIRFLOW_CTX_TRY_NUMBER='2' AIRFLOW_CTX_DAG_RUN_ID='scheduled__2026-05-13T09:00:00+00:00'
[2026-05-14T11:52:35.984+0000] {subprocess.py:63} INFO - Tmp dir root location: /tmp
[2026-05-14T11:52:35.985+0000] {subprocess.py:75} INFO - Running command: ['/usr/bin/bash', '-c', 'python3 /opt/airflow/ingestion/kafka_producer.py']
[2026-05-14T11:52:35.991+0000] {subprocess.py:86} INFO - Output:
[2026-05-14T11:53:36.229+0000] {subprocess.py:93} INFO - Starting shipment event producer...
[2026-05-14T11:53:36.233+0000] {subprocess.py:93} INFO - Sending to topic: shipment-events
[2026-05-14T11:53:36.233+0000] {subprocess.py:93} INFO - Broker: kafka:9092
[2026-05-14T11:53:36.234+0000] {subprocess.py:93} INFO - 
[2026-05-14T11:53:36.234+0000] {subprocess.py:93} INFO - Traceback (most recent call last):
[2026-05-14T11:53:36.235+0000] {subprocess.py:93} INFO -   File "/opt/airflow/ingestion/kafka_producer.py", line 96, in <module>
[2026-05-14T11:53:36.235+0000] {subprocess.py:93} INFO -     send_events(num_events=100, delay_seconds=1)
[2026-05-14T11:53:36.235+0000] {subprocess.py:93} INFO -   File "/opt/airflow/ingestion/kafka_producer.py", line 80, in send_events
[2026-05-14T11:53:36.236+0000] {subprocess.py:93} INFO -     producer.send(
[2026-05-14T11:53:36.236+0000] {subprocess.py:93} INFO -   File "/home/airflow/.local/lib/python3.8/site-packages/kafka/producer/kafka.py", line 844, in send
[2026-05-14T11:53:36.236+0000] {subprocess.py:93} INFO -     self._wait_on_metadata(topic, timer.timeout_ms)
[2026-05-14T11:53:36.237+0000] {subprocess.py:93} INFO -   File "/home/airflow/.local/lib/python3.8/site-packages/kafka/producer/kafka.py", line 968, in _wait_on_metadata
[2026-05-14T11:53:36.237+0000] {subprocess.py:93} INFO -     raise Errors.KafkaTimeoutError(
[2026-05-14T11:53:36.237+0000] {subprocess.py:93} INFO - kafka.errors.KafkaTimeoutError: KafkaTimeoutError: Failed to update metadata after 60.0 secs.
[2026-05-14T11:53:36.280+0000] {subprocess.py:97} INFO - Command exited with return code 1
[2026-05-14T11:53:36.299+0000] {taskinstance.py:2698} ERROR - Task failed with exception
Traceback (most recent call last):
  File "/home/airflow/.local/lib/python3.8/site-packages/airflow/models/taskinstance.py", line 433, in _execute_task
    result = execute_callable(context=context, **execute_callable_kwargs)
  File "/home/airflow/.local/lib/python3.8/site-packages/airflow/operators/bash.py", line 212, in execute
    raise AirflowException(
airflow.exceptions.AirflowException: Bash command failed. The command returned a non-zero exit code 1.
[2026-05-14T11:53:36.301+0000] {taskinstance.py:1138} INFO - Marking task as UP_FOR_RETRY. dag_id=supply_chain_pipeline, task_id=kafka_producer, execution_date=20260513T090000, start_date=20260514T115235, end_date=20260514T115336
[2026-05-14T11:53:36.311+0000] {standard_task_runner.py:107} ERROR - Failed to execute job 23 for task kafka_producer (Bash command failed. The command returned a non-zero exit code 1.; 462)
[2026-05-14T11:53:36.336+0000] {local_task_job_runner.py:234} INFO - Task exited with return code 1
[2026-05-14T11:53:36.357+0000] {taskinstance.py:3280} INFO - 0 downstream tasks scheduled from follow-on schedule check
