[2026-05-17T09:01:43.868+0000] {taskinstance.py:1956} INFO - Dependencies all met for dep_context=non-requeueable deps ti=<TaskInstance: supply_chain_pipeline.kafka_consumer scheduled__2026-05-16T09:00:00+00:00 [queued]>
[2026-05-17T09:01:43.880+0000] {taskinstance.py:1956} INFO - Dependencies all met for dep_context=requeueable deps ti=<TaskInstance: supply_chain_pipeline.kafka_consumer scheduled__2026-05-16T09:00:00+00:00 [queued]>
[2026-05-17T09:01:43.880+0000] {taskinstance.py:2170} INFO - Starting attempt 1 of 3
[2026-05-17T09:01:43.896+0000] {taskinstance.py:2191} INFO - Executing <Task(BashOperator): kafka_consumer> on 2026-05-16 09:00:00+00:00
[2026-05-17T09:01:43.903+0000] {standard_task_runner.py:60} INFO - Started process 7986 to run task
[2026-05-17T09:01:43.910+0000] {standard_task_runner.py:87} INFO - Running: ['airflow', 'tasks', 'run', 'supply_chain_pipeline', 'kafka_consumer', 'scheduled__2026-05-16T09:00:00+00:00', '--job-id', '60', '--raw', '--subdir', 'DAGS_FOLDER/supply_chain_pipeline.py', '--cfg-path', '/tmp/tmp1hhor_7e']
[2026-05-17T09:01:43.912+0000] {standard_task_runner.py:88} INFO - Job 60: Subtask kafka_consumer
[2026-05-17T09:01:43.965+0000] {task_command.py:423} INFO - Running <TaskInstance: supply_chain_pipeline.kafka_consumer scheduled__2026-05-16T09:00:00+00:00 [running]> on host 77266b8302bc
[2026-05-17T09:01:44.050+0000] {taskinstance.py:2480} INFO - Exporting env vars: AIRFLOW_CTX_DAG_OWNER='lovepreet' AIRFLOW_CTX_DAG_ID='supply_chain_pipeline' AIRFLOW_CTX_TASK_ID='kafka_consumer' AIRFLOW_CTX_EXECUTION_DATE='2026-05-16T09:00:00+00:00' AIRFLOW_CTX_TRY_NUMBER='1' AIRFLOW_CTX_DAG_RUN_ID='scheduled__2026-05-16T09:00:00+00:00'
[2026-05-17T09:01:44.051+0000] {subprocess.py:63} INFO - Tmp dir root location: /tmp
[2026-05-17T09:01:44.053+0000] {subprocess.py:75} INFO - Running command: ['/usr/bin/bash', '-c', 'python3 /opt/airflow/ingestion/kafka_consumer.py']
[2026-05-17T09:01:44.062+0000] {subprocess.py:86} INFO - Output:
[2026-05-17T09:01:58.045+0000] {subprocess.py:93} INFO - Starting consumer...
[2026-05-17T09:01:58.048+0000] {subprocess.py:93} INFO - Topic: shipment-events
[2026-05-17T09:01:58.049+0000] {subprocess.py:93} INFO - Writing to: MinIO Bronze bucket
[2026-05-17T09:01:58.050+0000] {subprocess.py:93} INFO - 
[2026-05-17T09:01:58.050+0000] {subprocess.py:93} INFO - Consumed: Order 6332 | Tablet | OUT_FOR_DELIVERY
[2026-05-17T09:01:58.050+0000] {subprocess.py:93} INFO - Consumed: Order 3110 | Keyboard | DELAYED
[2026-05-17T09:01:58.051+0000] {subprocess.py:93} INFO - Consumed: Order 3877 | Keyboard | DELIVERED
[2026-05-17T09:01:58.051+0000] {subprocess.py:93} INFO - Consumed: Order 4628 | Camera | DELIVERED
[2026-05-17T09:01:58.051+0000] {subprocess.py:93} INFO - Consumed: Order 4432 | Keyboard | ORDER_PLACED
[2026-05-17T09:01:58.052+0000] {subprocess.py:93} INFO - Consumed: Order 6625 | Laptop | PROCESSING
[2026-05-17T09:01:58.052+0000] {subprocess.py:93} INFO - Consumed: Order 8044 | Keyboard | IN_TRANSIT
[2026-05-17T09:01:58.052+0000] {subprocess.py:93} INFO - Consumed: Order 1089 | Camera | IN_TRANSIT
[2026-05-17T09:01:58.053+0000] {subprocess.py:93} INFO - Consumed: Order 1547 | Keyboard | DELIVERED
[2026-05-17T09:01:58.053+0000] {subprocess.py:93} INFO - Consumed: Order 7967 | Headphones | SHIPPED
[2026-05-17T09:01:58.053+0000] {subprocess.py:93} INFO - ✅ Written batch 1 → bronze/shipments/2026/05/17/batch_1_090147.json (10 events)
[2026-05-17T09:01:58.054+0000] {subprocess.py:93} INFO - Consumed: Order 2071 | Phone | PROCESSING
[2026-05-17T09:01:58.054+0000] {subprocess.py:93} INFO - Consumed: Order 2711 | Tablet | SHIPPED
[2026-05-17T09:01:58.054+0000] {subprocess.py:93} INFO - Consumed: Order 5859 | Tablet | ORDER_PLACED
[2026-05-17T09:01:58.055+0000] {subprocess.py:93} INFO - Consumed: Order 2547 | Phone | ORDER_PLACED
[2026-05-17T09:01:58.055+0000] {subprocess.py:93} INFO - Consumed: Order 3674 | Camera | SHIPPED
[2026-05-17T09:01:58.055+0000] {subprocess.py:93} INFO - Consumed: Order 2858 | Monitor | DELIVERED
[2026-05-17T09:01:58.055+0000] {subprocess.py:93} INFO - Consumed: Order 7472 | Phone | OUT_FOR_DELIVERY
[2026-05-17T09:01:58.056+0000] {subprocess.py:93} INFO - Consumed: Order 1399 | Phone | PROCESSING
[2026-05-17T09:01:58.056+0000] {subprocess.py:93} INFO - Consumed: Order 5893 | Tablet | DELAYED
[2026-05-17T09:01:58.056+0000] {subprocess.py:93} INFO - Consumed: Order 7021 | Laptop | SHIPPED
[2026-05-17T09:01:58.056+0000] {subprocess.py:93} INFO - ✅ Written batch 2 → bronze/shipments/2026/05/17/batch_2_090148.json (10 events)
[2026-05-17T09:01:58.057+0000] {subprocess.py:93} INFO - Consumed: Order 3400 | Laptop | DELIVERED
[2026-05-17T09:01:58.057+0000] {subprocess.py:93} INFO - Consumed: Order 6876 | Keyboard | ORDER_PLACED
[2026-05-17T09:01:58.057+0000] {subprocess.py:93} INFO - Consumed: Order 5059 | Tablet | ORDER_PLACED
[2026-05-17T09:01:58.057+0000] {subprocess.py:93} INFO - Consumed: Order 3466 | Headphones | OUT_FOR_DELIVERY
[2026-05-17T09:01:58.058+0000] {subprocess.py:93} INFO - Consumed: Order 9989 | Tablet | OUT_FOR_DELIVERY
[2026-05-17T09:01:58.058+0000] {subprocess.py:93} INFO - Consumed: Order 8776 | Phone | DELAYED
[2026-05-17T09:01:58.058+0000] {subprocess.py:93} INFO - Consumed: Order 7971 | Phone | SHIPPED
[2026-05-17T09:01:58.058+0000] {subprocess.py:93} INFO - Consumed: Order 8932 | Keyboard | IN_TRANSIT
[2026-05-17T09:01:58.058+0000] {subprocess.py:93} INFO - Consumed: Order 9987 | Keyboard | PROCESSING
[2026-05-17T09:01:58.059+0000] {subprocess.py:93} INFO - Consumed: Order 9683 | Laptop | OUT_FOR_DELIVERY
[2026-05-17T09:01:58.059+0000] {subprocess.py:93} INFO - ✅ Written batch 3 → bronze/shipments/2026/05/17/batch_3_090148.json (10 events)
[2026-05-17T09:01:58.059+0000] {subprocess.py:93} INFO - Consumed: Order 7584 | Headphones | ORDER_PLACED
[2026-05-17T09:01:58.059+0000] {subprocess.py:93} INFO - Consumed: Order 3266 | Monitor | ORDER_PLACED
[2026-05-17T09:01:58.060+0000] {subprocess.py:93} INFO - Consumed: Order 6502 | Phone | ORDER_PLACED
[2026-05-17T09:01:58.060+0000] {subprocess.py:93} INFO - Consumed: Order 3574 | Keyboard | SHIPPED
[2026-05-17T09:01:58.060+0000] {subprocess.py:93} INFO - Consumed: Order 3977 | Keyboard | DELAYED
[2026-05-17T09:01:58.061+0000] {subprocess.py:93} INFO - Consumed: Order 3130 | Laptop | DELAYED
[2026-05-17T09:01:58.061+0000] {subprocess.py:93} INFO - Consumed: Order 8457 | Laptop | IN_TRANSIT
[2026-05-17T09:01:58.061+0000] {subprocess.py:93} INFO - Consumed: Order 6210 | Monitor | SHIPPED
[2026-05-17T09:01:58.062+0000] {subprocess.py:93} INFO - Consumed: Order 1686 | Tablet | DELAYED
[2026-05-17T09:01:58.062+0000] {subprocess.py:93} INFO - Consumed: Order 9723 | Tablet | DELAYED
[2026-05-17T09:01:58.062+0000] {subprocess.py:93} INFO - ✅ Written batch 4 → bronze/shipments/2026/05/17/batch_4_090148.json (10 events)
[2026-05-17T09:01:58.062+0000] {subprocess.py:93} INFO - Consumed: Order 3694 | Laptop | OUT_FOR_DELIVERY
[2026-05-17T09:01:58.062+0000] {subprocess.py:93} INFO - Consumed: Order 8698 | Headphones | PROCESSING
[2026-05-17T09:01:58.063+0000] {subprocess.py:93} INFO - Consumed: Order 3837 | Headphones | ORDER_PLACED
[2026-05-17T09:01:58.063+0000] {subprocess.py:93} INFO - Consumed: Order 8326 | Laptop | DELIVERED
[2026-05-17T09:01:58.063+0000] {subprocess.py:93} INFO - Consumed: Order 9005 | Headphones | IN_TRANSIT
[2026-05-17T09:01:58.063+0000] {subprocess.py:93} INFO - Consumed: Order 9216 | Laptop | OUT_FOR_DELIVERY
[2026-05-17T09:01:58.063+0000] {subprocess.py:93} INFO - Consumed: Order 4079 | Keyboard | DELAYED
[2026-05-17T09:01:58.064+0000] {subprocess.py:93} INFO - Consumed: Order 4912 | Tablet | ORDER_PLACED
[2026-05-17T09:01:58.064+0000] {subprocess.py:93} INFO - Consumed: Order 4965 | Tablet | ORDER_PLACED
[2026-05-17T09:01:58.064+0000] {subprocess.py:93} INFO - Consumed: Order 8021 | Laptop | DELIVERED
[2026-05-17T09:01:58.064+0000] {subprocess.py:93} INFO - ✅ Written batch 5 → bronze/shipments/2026/05/17/batch_5_090148.json (10 events)
[2026-05-17T09:01:58.064+0000] {subprocess.py:93} INFO - Consumed: Order 2758 | Camera | ORDER_PLACED
[2026-05-17T09:01:58.064+0000] {subprocess.py:93} INFO - Consumed: Order 7672 | Camera | IN_TRANSIT
[2026-05-17T09:01:58.065+0000] {subprocess.py:93} INFO - Consumed: Order 2238 | Keyboard | PROCESSING
[2026-05-17T09:01:58.065+0000] {subprocess.py:93} INFO - Consumed: Order 2875 | Tablet | SHIPPED
[2026-05-17T09:01:58.065+0000] {subprocess.py:93} INFO - Consumed: Order 4901 | Laptop | SHIPPED
[2026-05-17T09:01:58.065+0000] {subprocess.py:93} INFO - Consumed: Order 8549 | Monitor | IN_TRANSIT
[2026-05-17T09:01:58.066+0000] {subprocess.py:93} INFO - Consumed: Order 5346 | Tablet | IN_TRANSIT
[2026-05-17T09:01:58.066+0000] {subprocess.py:93} INFO - Consumed: Order 5098 | Headphones | ORDER_PLACED
[2026-05-17T09:01:58.066+0000] {subprocess.py:93} INFO - Consumed: Order 5153 | Phone | DELIVERED
[2026-05-17T09:01:58.066+0000] {subprocess.py:93} INFO - Consumed: Order 7544 | Phone | ORDER_PLACED
[2026-05-17T09:01:58.066+0000] {subprocess.py:93} INFO - ✅ Written batch 6 → bronze/shipments/2026/05/17/batch_6_090148.json (10 events)
[2026-05-17T09:01:58.066+0000] {subprocess.py:93} INFO - Consumed: Order 6312 | Laptop | DELIVERED
[2026-05-17T09:01:58.066+0000] {subprocess.py:93} INFO - Consumed: Order 4607 | Camera | IN_TRANSIT
[2026-05-17T09:01:58.067+0000] {subprocess.py:93} INFO - Consumed: Order 9787 | Camera | ORDER_PLACED
[2026-05-17T09:01:58.067+0000] {subprocess.py:93} INFO - Consumed: Order 8963 | Laptop | PROCESSING
[2026-05-17T09:01:58.067+0000] {subprocess.py:93} INFO - Consumed: Order 3985 | Monitor | ORDER_PLACED
[2026-05-17T09:01:58.067+0000] {subprocess.py:93} INFO - Consumed: Order 1710 | Keyboard | SHIPPED
[2026-05-17T09:01:58.067+0000] {subprocess.py:93} INFO - Consumed: Order 6540 | Phone | PROCESSING
[2026-05-17T09:01:58.067+0000] {subprocess.py:93} INFO - Consumed: Order 2927 | Laptop | PROCESSING
[2026-05-17T09:01:58.068+0000] {subprocess.py:93} INFO - Consumed: Order 3208 | Tablet | PROCESSING
[2026-05-17T09:01:58.068+0000] {subprocess.py:93} INFO - Consumed: Order 2429 | Camera | PROCESSING
[2026-05-17T09:01:58.068+0000] {subprocess.py:93} INFO - ✅ Written batch 7 → bronze/shipments/2026/05/17/batch_7_090148.json (10 events)
[2026-05-17T09:01:58.068+0000] {subprocess.py:93} INFO - Consumed: Order 2449 | Monitor | OUT_FOR_DELIVERY
[2026-05-17T09:01:58.068+0000] {subprocess.py:93} INFO - Consumed: Order 9605 | Monitor | IN_TRANSIT
[2026-05-17T09:01:58.069+0000] {subprocess.py:93} INFO - Consumed: Order 2403 | Keyboard | PROCESSING
[2026-05-17T09:01:58.069+0000] {subprocess.py:93} INFO - Consumed: Order 2259 | Camera | DELAYED
[2026-05-17T09:01:58.069+0000] {subprocess.py:93} INFO - Consumed: Order 3353 | Keyboard | IN_TRANSIT
[2026-05-17T09:01:58.069+0000] {subprocess.py:93} INFO - Consumed: Order 6542 | Phone | DELAYED
[2026-05-17T09:01:58.069+0000] {subprocess.py:93} INFO - Consumed: Order 7753 | Camera | IN_TRANSIT
[2026-05-17T09:01:58.070+0000] {subprocess.py:93} INFO - Consumed: Order 4115 | Laptop | OUT_FOR_DELIVERY
[2026-05-17T09:01:58.070+0000] {subprocess.py:93} INFO - Consumed: Order 1145 | Headphones | SHIPPED
[2026-05-17T09:01:58.070+0000] {subprocess.py:93} INFO - Consumed: Order 9263 | Keyboard | DELAYED
[2026-05-17T09:01:58.070+0000] {subprocess.py:93} INFO - ✅ Written batch 8 → bronze/shipments/2026/05/17/batch_8_090148.json (10 events)
[2026-05-17T09:01:58.070+0000] {subprocess.py:93} INFO - Consumed: Order 1817 | Keyboard | IN_TRANSIT
[2026-05-17T09:01:58.070+0000] {subprocess.py:93} INFO - Consumed: Order 3960 | Camera | OUT_FOR_DELIVERY
[2026-05-17T09:01:58.071+0000] {subprocess.py:93} INFO - Consumed: Order 6768 | Laptop | IN_TRANSIT
[2026-05-17T09:01:58.071+0000] {subprocess.py:93} INFO - Consumed: Order 7834 | Tablet | PROCESSING
[2026-05-17T09:01:58.071+0000] {subprocess.py:93} INFO - Consumed: Order 7166 | Laptop | OUT_FOR_DELIVERY
[2026-05-17T09:01:58.071+0000] {subprocess.py:93} INFO - Consumed: Order 6417 | Phone | SHIPPED
[2026-05-17T09:01:58.071+0000] {subprocess.py:93} INFO - Consumed: Order 1159 | Tablet | SHIPPED
[2026-05-17T09:01:58.072+0000] {subprocess.py:93} INFO - Consumed: Order 4816 | Camera | ORDER_PLACED
[2026-05-17T09:01:58.072+0000] {subprocess.py:93} INFO - Consumed: Order 4139 | Monitor | ORDER_PLACED
[2026-05-17T09:01:58.072+0000] {subprocess.py:93} INFO - Consumed: Order 5110 | Camera | DELAYED
[2026-05-17T09:01:58.072+0000] {subprocess.py:93} INFO - ✅ Written batch 9 → bronze/shipments/2026/05/17/batch_9_090148.json (10 events)
[2026-05-17T09:01:58.072+0000] {subprocess.py:93} INFO - Consumed: Order 2618 | Phone | DELIVERED
[2026-05-17T09:01:58.073+0000] {subprocess.py:93} INFO - Consumed: Order 7422 | Monitor | DELIVERED
[2026-05-17T09:01:58.073+0000] {subprocess.py:93} INFO - Consumed: Order 6313 | Tablet | ORDER_PLACED
[2026-05-17T09:01:58.073+0000] {subprocess.py:93} INFO - Consumed: Order 6480 | Tablet | DELIVERED
[2026-05-17T09:01:58.073+0000] {subprocess.py:93} INFO - Consumed: Order 8869 | Camera | DELIVERED
[2026-05-17T09:01:58.074+0000] {subprocess.py:93} INFO - Consumed: Order 9087 | Camera | IN_TRANSIT
[2026-05-17T09:01:58.074+0000] {subprocess.py:93} INFO - Consumed: Order 7542 | Headphones | SHIPPED
[2026-05-17T09:01:58.074+0000] {subprocess.py:93} INFO - Consumed: Order 6389 | Camera | SHIPPED
[2026-05-17T09:01:58.074+0000] {subprocess.py:93} INFO - Consumed: Order 4080 | Headphones | SHIPPED
[2026-05-17T09:01:58.074+0000] {subprocess.py:93} INFO - Consumed: Order 2083 | Monitor | ORDER_PLACED
[2026-05-17T09:01:58.075+0000] {subprocess.py:93} INFO - ✅ Written batch 10 → bronze/shipments/2026/05/17/batch_10_090148.json (10 events)
[2026-05-17T09:01:58.075+0000] {subprocess.py:93} INFO - Consumer finished — no more messages!
[2026-05-17T09:01:58.106+0000] {subprocess.py:97} INFO - Command exited with return code 0
[2026-05-17T09:01:58.142+0000] {taskinstance.py:1138} INFO - Marking task as SUCCESS. dag_id=supply_chain_pipeline, task_id=kafka_consumer, execution_date=20260516T090000, start_date=20260517T090143, end_date=20260517T090158
[2026-05-17T09:01:58.208+0000] {local_task_job_runner.py:234} INFO - Task exited with return code 0
[2026-05-17T09:01:58.234+0000] {taskinstance.py:3280} INFO - 1 downstream tasks scheduled from follow-on schedule check
