[2026-05-14T11:52:35.863+0000] {taskinstance.py:1956} INFO - Dependencies all met for dep_context=non-requeueable deps ti=<TaskInstance: supply_chain_pipeline.kafka_producer manual__2026-05-14T11:46:33.369127+00:00 [queued]>
[2026-05-14T11:52:35.870+0000] {taskinstance.py:1956} INFO - Dependencies all met for dep_context=requeueable deps ti=<TaskInstance: supply_chain_pipeline.kafka_producer manual__2026-05-14T11:46:33.369127+00:00 [queued]>
[2026-05-14T11:52:35.871+0000] {taskinstance.py:2170} INFO - Starting attempt 2 of 3
[2026-05-14T11:52:35.882+0000] {taskinstance.py:2191} INFO - Executing <Task(BashOperator): kafka_producer> on 2026-05-14 11:46:33.369127+00:00
[2026-05-14T11:52:35.885+0000] {standard_task_runner.py:60} INFO - Started process 461 to run task
[2026-05-14T11:52:35.888+0000] {standard_task_runner.py:87} INFO - Running: ['airflow', 'tasks', 'run', 'supply_chain_pipeline', 'kafka_producer', 'manual__2026-05-14T11:46:33.369127+00:00', '--job-id', '24', '--raw', '--subdir', 'DAGS_FOLDER/supply_chain_pipeline.py', '--cfg-path', '/tmp/tmppdr84zyr']
[2026-05-14T11:52:35.890+0000] {standard_task_runner.py:88} INFO - Job 24: Subtask kafka_producer
[2026-05-14T11:52:35.930+0000] {task_command.py:423} INFO - Running <TaskInstance: supply_chain_pipeline.kafka_producer manual__2026-05-14T11:46:33.369127+00:00 [running]> on host e68afba521da
[2026-05-14T11:52:35.983+0000] {taskinstance.py:2480} INFO - Exporting env vars: AIRFLOW_CTX_DAG_OWNER='lovepreet' AIRFLOW_CTX_DAG_ID='supply_chain_pipeline' AIRFLOW_CTX_TASK_ID='kafka_producer' AIRFLOW_CTX_EXECUTION_DATE='2026-05-14T11:46:33.369127+00:00' AIRFLOW_CTX_TRY_NUMBER='2' AIRFLOW_CTX_DAG_RUN_ID='manual__2026-05-14T11:46:33.369127+00:00'
[2026-05-14T11:52:35.984+0000] {subprocess.py:63} INFO - Tmp dir root location: /tmp
[2026-05-14T11:52:35.984+0000] {subprocess.py:75} INFO - Running command: ['/usr/bin/bash', '-c', 'python3 /opt/airflow/ingestion/kafka_producer.py']
[2026-05-14T11:52:35.991+0000] {subprocess.py:86} INFO - Output:
[2026-05-14T11:53:36.229+0000] {subprocess.py:93} INFO - Starting shipment event producer...
[2026-05-14T11:53:36.233+0000] {subprocess.py:93} INFO - Sending to topic: shipment-events
[2026-05-14T11:53:36.233+0000] {subprocess.py:93} INFO - Broker: kafka:9092
[2026-05-14T11:53:36.234+0000] {subprocess.py:93} INFO - 
[2026-05-14T11:53:36.234+0000] {subprocess.py:93} INFO - Traceback (most recent call last):
[2026-05-14T11:53:36.235+0000] {subprocess.py:93} INFO -   File "/opt/airflow/ingestion/kafka_producer.py", line 96, in <module>
[2026-05-14T11:53:36.235+0000] {subprocess.py:93} INFO -     send_events(num_events=100, delay_seconds=1)
[2026-05-14T11:53:36.235+0000] {subprocess.py:93} INFO -   File "/opt/airflow/ingestion/kafka_producer.py", line 80, in send_events
[2026-05-14T11:53:36.236+0000] {subprocess.py:93} INFO -     producer.send(
[2026-05-14T11:53:36.236+0000] {subprocess.py:93} INFO -   File "/home/airflow/.local/lib/python3.8/site-packages/kafka/producer/kafka.py", line 844, in send
[2026-05-14T11:53:36.237+0000] {subprocess.py:93} INFO -     self._wait_on_metadata(topic, timer.timeout_ms)
[2026-05-14T11:53:36.237+0000] {subprocess.py:93} INFO -   File "/home/airflow/.local/lib/python3.8/site-packages/kafka/producer/kafka.py", line 968, in _wait_on_metadata
[2026-05-14T11:53:36.237+0000] {subprocess.py:93} INFO -     raise Errors.KafkaTimeoutError(
[2026-05-14T11:53:36.237+0000] {subprocess.py:93} INFO - kafka.errors.KafkaTimeoutError: KafkaTimeoutError: Failed to update metadata after 60.0 secs.
[2026-05-14T11:53:36.280+0000] {subprocess.py:97} INFO - Command exited with return code 1
[2026-05-14T11:53:36.298+0000] {taskinstance.py:2698} ERROR - Task failed with exception
Traceback (most recent call last):
  File "/home/airflow/.local/lib/python3.8/site-packages/airflow/models/taskinstance.py", line 433, in _execute_task
    result = execute_callable(context=context, **execute_callable_kwargs)
  File "/home/airflow/.local/lib/python3.8/site-packages/airflow/operators/bash.py", line 212, in execute
    raise AirflowException(
airflow.exceptions.AirflowException: Bash command failed. The command returned a non-zero exit code 1.
[2026-05-14T11:53:36.301+0000] {taskinstance.py:1138} INFO - Marking task as UP_FOR_RETRY. dag_id=supply_chain_pipeline, task_id=kafka_producer, execution_date=20260514T114633, start_date=20260514T115235, end_date=20260514T115336
[2026-05-14T11:53:36.310+0000] {standard_task_runner.py:107} ERROR - Failed to execute job 24 for task kafka_producer (Bash command failed. The command returned a non-zero exit code 1.; 461)
[2026-05-14T11:53:36.339+0000] {local_task_job_runner.py:234} INFO - Task exited with return code 1
[2026-05-14T11:53:36.359+0000] {taskinstance.py:3280} INFO - 0 downstream tasks scheduled from follow-on schedule check
