[2026-05-14T11:58:36.801+0000] {taskinstance.py:1956} INFO - Dependencies all met for dep_context=non-requeueable deps ti=<TaskInstance: supply_chain_pipeline.kafka_producer manual__2026-05-14T11:46:33.369127+00:00 [queued]>
[2026-05-14T11:58:36.810+0000] {taskinstance.py:1956} INFO - Dependencies all met for dep_context=requeueable deps ti=<TaskInstance: supply_chain_pipeline.kafka_producer manual__2026-05-14T11:46:33.369127+00:00 [queued]>
[2026-05-14T11:58:36.813+0000] {taskinstance.py:2170} INFO - Starting attempt 3 of 3
[2026-05-14T11:58:36.822+0000] {taskinstance.py:2191} INFO - Executing <Task(BashOperator): kafka_producer> on 2026-05-14 11:46:33.369127+00:00
[2026-05-14T11:58:36.826+0000] {standard_task_runner.py:60} INFO - Started process 531 to run task
[2026-05-14T11:58:36.828+0000] {standard_task_runner.py:87} INFO - Running: ['airflow', 'tasks', 'run', 'supply_chain_pipeline', 'kafka_producer', 'manual__2026-05-14T11:46:33.369127+00:00', '--job-id', '25', '--raw', '--subdir', 'DAGS_FOLDER/supply_chain_pipeline.py', '--cfg-path', '/tmp/tmpr4rhl2qe']
[2026-05-14T11:58:36.830+0000] {standard_task_runner.py:88} INFO - Job 25: Subtask kafka_producer
[2026-05-14T11:58:36.915+0000] {task_command.py:423} INFO - Running <TaskInstance: supply_chain_pipeline.kafka_producer manual__2026-05-14T11:46:33.369127+00:00 [running]> on host e68afba521da
[2026-05-14T11:58:36.988+0000] {taskinstance.py:2480} INFO - Exporting env vars: AIRFLOW_CTX_DAG_OWNER='lovepreet' AIRFLOW_CTX_DAG_ID='supply_chain_pipeline' AIRFLOW_CTX_TASK_ID='kafka_producer' AIRFLOW_CTX_EXECUTION_DATE='2026-05-14T11:46:33.369127+00:00' AIRFLOW_CTX_TRY_NUMBER='3' AIRFLOW_CTX_DAG_RUN_ID='manual__2026-05-14T11:46:33.369127+00:00'
[2026-05-14T11:58:36.990+0000] {subprocess.py:63} INFO - Tmp dir root location: /tmp
[2026-05-14T11:58:36.991+0000] {subprocess.py:75} INFO - Running command: ['/usr/bin/bash', '-c', 'python3 /opt/airflow/ingestion/kafka_producer.py']
[2026-05-14T11:58:36.997+0000] {subprocess.py:86} INFO - Output:
[2026-05-14T11:59:37.263+0000] {subprocess.py:93} INFO - Starting shipment event producer...
[2026-05-14T11:59:37.266+0000] {subprocess.py:93} INFO - Sending to topic: shipment-events
[2026-05-14T11:59:37.267+0000] {subprocess.py:93} INFO - Broker: kafka:9092
[2026-05-14T11:59:37.267+0000] {subprocess.py:93} INFO - 
[2026-05-14T11:59:37.267+0000] {subprocess.py:93} INFO - Traceback (most recent call last):
[2026-05-14T11:59:37.268+0000] {subprocess.py:93} INFO -   File "/opt/airflow/ingestion/kafka_producer.py", line 96, in <module>
[2026-05-14T11:59:37.268+0000] {subprocess.py:93} INFO -     send_events(num_events=100, delay_seconds=1)
[2026-05-14T11:59:37.268+0000] {subprocess.py:93} INFO -   File "/opt/airflow/ingestion/kafka_producer.py", line 80, in send_events
[2026-05-14T11:59:37.269+0000] {subprocess.py:93} INFO -     producer.send(
[2026-05-14T11:59:37.269+0000] {subprocess.py:93} INFO -   File "/home/airflow/.local/lib/python3.8/site-packages/kafka/producer/kafka.py", line 844, in send
[2026-05-14T11:59:37.269+0000] {subprocess.py:93} INFO -     self._wait_on_metadata(topic, timer.timeout_ms)
[2026-05-14T11:59:37.270+0000] {subprocess.py:93} INFO -   File "/home/airflow/.local/lib/python3.8/site-packages/kafka/producer/kafka.py", line 968, in _wait_on_metadata
[2026-05-14T11:59:37.270+0000] {subprocess.py:93} INFO -     raise Errors.KafkaTimeoutError(
[2026-05-14T11:59:37.270+0000] {subprocess.py:93} INFO - kafka.errors.KafkaTimeoutError: KafkaTimeoutError: Failed to update metadata after 60.0 secs.
[2026-05-14T11:59:37.314+0000] {subprocess.py:97} INFO - Command exited with return code 1
[2026-05-14T11:59:37.327+0000] {taskinstance.py:2698} ERROR - Task failed with exception
Traceback (most recent call last):
  File "/home/airflow/.local/lib/python3.8/site-packages/airflow/models/taskinstance.py", line 433, in _execute_task
    result = execute_callable(context=context, **execute_callable_kwargs)
  File "/home/airflow/.local/lib/python3.8/site-packages/airflow/operators/bash.py", line 212, in execute
    raise AirflowException(
airflow.exceptions.AirflowException: Bash command failed. The command returned a non-zero exit code 1.
[2026-05-14T11:59:37.330+0000] {taskinstance.py:1138} INFO - Marking task as FAILED. dag_id=supply_chain_pipeline, task_id=kafka_producer, execution_date=20260514T114633, start_date=20260514T115836, end_date=20260514T115937
[2026-05-14T11:59:37.339+0000] {standard_task_runner.py:107} ERROR - Failed to execute job 25 for task kafka_producer (Bash command failed. The command returned a non-zero exit code 1.; 531)
[2026-05-14T11:59:37.343+0000] {local_task_job_runner.py:234} INFO - Task exited with return code 1
[2026-05-14T11:59:37.362+0000] {taskinstance.py:3280} INFO - 0 downstream tasks scheduled from follow-on schedule check
