[2026-05-14T12:23:45.531+0000] {taskinstance.py:1956} INFO - Dependencies all met for dep_context=non-requeueable deps ti=<TaskInstance: supply_chain_pipeline.silver_transformation manual__2026-05-14T12:21:49.287689+00:00 [queued]>
[2026-05-14T12:23:45.539+0000] {taskinstance.py:1956} INFO - Dependencies all met for dep_context=requeueable deps ti=<TaskInstance: supply_chain_pipeline.silver_transformation manual__2026-05-14T12:21:49.287689+00:00 [queued]>
[2026-05-14T12:23:45.539+0000] {taskinstance.py:2170} INFO - Starting attempt 1 of 3
[2026-05-14T12:23:45.554+0000] {taskinstance.py:2191} INFO - Executing <Task(BashOperator): silver_transformation> on 2026-05-14 12:21:49.287689+00:00
[2026-05-14T12:23:45.559+0000] {standard_task_runner.py:60} INFO - Started process 418 to run task
[2026-05-14T12:23:45.563+0000] {standard_task_runner.py:87} INFO - Running: ['airflow', 'tasks', 'run', 'supply_chain_pipeline', 'silver_transformation', 'manual__2026-05-14T12:21:49.287689+00:00', '--job-id', '36', '--raw', '--subdir', 'DAGS_FOLDER/supply_chain_pipeline.py', '--cfg-path', '/tmp/tmp_trfhufz']
[2026-05-14T12:23:45.565+0000] {standard_task_runner.py:88} INFO - Job 36: Subtask silver_transformation
[2026-05-14T12:23:45.612+0000] {task_command.py:423} INFO - Running <TaskInstance: supply_chain_pipeline.silver_transformation manual__2026-05-14T12:21:49.287689+00:00 [running]> on host 25ee09023a37
[2026-05-14T12:23:45.681+0000] {taskinstance.py:2480} INFO - Exporting env vars: AIRFLOW_CTX_DAG_OWNER='lovepreet' AIRFLOW_CTX_DAG_ID='supply_chain_pipeline' AIRFLOW_CTX_TASK_ID='silver_transformation' AIRFLOW_CTX_EXECUTION_DATE='2026-05-14T12:21:49.287689+00:00' AIRFLOW_CTX_TRY_NUMBER='1' AIRFLOW_CTX_DAG_RUN_ID='manual__2026-05-14T12:21:49.287689+00:00'
[2026-05-14T12:23:45.682+0000] {subprocess.py:63} INFO - Tmp dir root location: /tmp
[2026-05-14T12:23:45.683+0000] {subprocess.py:75} INFO - Running command: ['/usr/bin/bash', '-c', 'python3 /opt/airflow/processing/silver_transform.py']
[2026-05-14T12:23:45.689+0000] {subprocess.py:86} INFO - Output:
[2026-05-14T12:23:45.925+0000] {subprocess.py:93} INFO - /home/airflow/.local/lib/python3.8/site-packages/pyspark/bin/load-spark-env.sh: line 68: ps: command not found
[2026-05-14T12:23:45.925+0000] {subprocess.py:93} INFO - JAVA_HOME is not set
[2026-05-14T12:23:46.017+0000] {subprocess.py:93} INFO - Traceback (most recent call last):
[2026-05-14T12:23:46.018+0000] {subprocess.py:93} INFO -   File "/opt/airflow/processing/silver_transform.py", line 24, in <module>
[2026-05-14T12:23:46.018+0000] {subprocess.py:93} INFO -     spark = SparkSession.builder \
[2026-05-14T12:23:46.018+0000] {subprocess.py:93} INFO -   File "/home/airflow/.local/lib/python3.8/site-packages/pyspark/sql/session.py", line 497, in getOrCreate
[2026-05-14T12:23:46.018+0000] {subprocess.py:93} INFO -     sc = SparkContext.getOrCreate(sparkConf)
[2026-05-14T12:23:46.019+0000] {subprocess.py:93} INFO -   File "/home/airflow/.local/lib/python3.8/site-packages/pyspark/context.py", line 515, in getOrCreate
[2026-05-14T12:23:46.019+0000] {subprocess.py:93} INFO -     SparkContext(conf=conf or SparkConf())
[2026-05-14T12:23:46.019+0000] {subprocess.py:93} INFO -   File "/home/airflow/.local/lib/python3.8/site-packages/pyspark/context.py", line 201, in __init__
[2026-05-14T12:23:46.020+0000] {subprocess.py:93} INFO -     SparkContext._ensure_initialized(self, gateway=gateway, conf=conf)
[2026-05-14T12:23:46.020+0000] {subprocess.py:93} INFO -   File "/home/airflow/.local/lib/python3.8/site-packages/pyspark/context.py", line 436, in _ensure_initialized
[2026-05-14T12:23:46.020+0000] {subprocess.py:93} INFO -     SparkContext._gateway = gateway or launch_gateway(conf)
[2026-05-14T12:23:46.020+0000] {subprocess.py:93} INFO -   File "/home/airflow/.local/lib/python3.8/site-packages/pyspark/java_gateway.py", line 107, in launch_gateway
[2026-05-14T12:23:46.020+0000] {subprocess.py:93} INFO -     raise PySparkRuntimeError(
[2026-05-14T12:23:46.020+0000] {subprocess.py:93} INFO - pyspark.errors.exceptions.base.PySparkRuntimeError: [JAVA_GATEWAY_EXITED] Java gateway process exited before sending its port number.
[2026-05-14T12:23:46.048+0000] {subprocess.py:97} INFO - Command exited with return code 1
[2026-05-14T12:23:46.061+0000] {taskinstance.py:2698} ERROR - Task failed with exception
Traceback (most recent call last):
  File "/home/airflow/.local/lib/python3.8/site-packages/airflow/models/taskinstance.py", line 433, in _execute_task
    result = execute_callable(context=context, **execute_callable_kwargs)
  File "/home/airflow/.local/lib/python3.8/site-packages/airflow/operators/bash.py", line 212, in execute
    raise AirflowException(
airflow.exceptions.AirflowException: Bash command failed. The command returned a non-zero exit code 1.
[2026-05-14T12:23:46.065+0000] {taskinstance.py:1138} INFO - Marking task as UP_FOR_RETRY. dag_id=supply_chain_pipeline, task_id=silver_transformation, execution_date=20260514T122149, start_date=20260514T122345, end_date=20260514T122346
[2026-05-14T12:23:46.074+0000] {standard_task_runner.py:107} ERROR - Failed to execute job 36 for task silver_transformation (Bash command failed. The command returned a non-zero exit code 1.; 418)
[2026-05-14T12:23:46.112+0000] {local_task_job_runner.py:234} INFO - Task exited with return code 1
[2026-05-14T12:23:46.132+0000] {taskinstance.py:3280} INFO - 0 downstream tasks scheduled from follow-on schedule check
