[2026-05-16T11:54:13.588+0000] {taskinstance.py:1956} INFO - Dependencies all met for dep_context=non-requeueable deps ti=<TaskInstance: supply_chain_pipeline.kafka_producer scheduled__2026-05-15T09:00:00+00:00 [queued]>
[2026-05-16T11:54:13.618+0000] {taskinstance.py:1956} INFO - Dependencies all met for dep_context=requeueable deps ti=<TaskInstance: supply_chain_pipeline.kafka_producer scheduled__2026-05-15T09:00:00+00:00 [queued]>
[2026-05-16T11:54:13.621+0000] {taskinstance.py:2170} INFO - Starting attempt 1 of 3
[2026-05-16T11:54:13.649+0000] {taskinstance.py:2191} INFO - Executing <Task(BashOperator): kafka_producer> on 2026-05-15 09:00:00+00:00
[2026-05-16T11:54:13.656+0000] {standard_task_runner.py:60} INFO - Started process 173 to run task
[2026-05-16T11:54:13.662+0000] {standard_task_runner.py:87} INFO - Running: ['airflow', 'tasks', 'run', 'supply_chain_pipeline', 'kafka_producer', 'scheduled__2026-05-15T09:00:00+00:00', '--job-id', '41', '--raw', '--subdir', 'DAGS_FOLDER/supply_chain_pipeline.py', '--cfg-path', '/tmp/tmphaez5yvs']
[2026-05-16T11:54:13.666+0000] {standard_task_runner.py:88} INFO - Job 41: Subtask kafka_producer
[2026-05-16T11:54:13.770+0000] {task_command.py:423} INFO - Running <TaskInstance: supply_chain_pipeline.kafka_producer scheduled__2026-05-15T09:00:00+00:00 [running]> on host 989f4aa71ff5
[2026-05-16T11:54:13.928+0000] {taskinstance.py:2480} INFO - Exporting env vars: AIRFLOW_CTX_DAG_OWNER='lovepreet' AIRFLOW_CTX_DAG_ID='supply_chain_pipeline' AIRFLOW_CTX_TASK_ID='kafka_producer' AIRFLOW_CTX_EXECUTION_DATE='2026-05-15T09:00:00+00:00' AIRFLOW_CTX_TRY_NUMBER='1' AIRFLOW_CTX_DAG_RUN_ID='scheduled__2026-05-15T09:00:00+00:00'
[2026-05-16T11:54:13.930+0000] {subprocess.py:63} INFO - Tmp dir root location: /tmp
[2026-05-16T11:54:13.931+0000] {subprocess.py:75} INFO - Running command: ['/usr/bin/bash', '-c', 'python3 /opt/airflow/ingestion/kafka_producer.py']
[2026-05-16T11:54:13.941+0000] {subprocess.py:86} INFO - Output:
[2026-05-16T11:54:17.466+0000] {subprocess.py:93} INFO - Traceback (most recent call last):
[2026-05-16T11:54:17.468+0000] {subprocess.py:93} INFO -   File "/opt/airflow/ingestion/kafka_producer.py", line 28, in <module>
[2026-05-16T11:54:17.468+0000] {subprocess.py:93} INFO -     producer = KafkaProducer(
[2026-05-16T11:54:17.469+0000] {subprocess.py:93} INFO -   File "/home/airflow/.local/lib/python3.8/site-packages/kafka/producer/kafka.py", line 485, in __init__
[2026-05-16T11:54:17.469+0000] {subprocess.py:93} INFO -     client = self.config['kafka_client'](
[2026-05-16T11:54:17.470+0000] {subprocess.py:93} INFO -   File "/home/airflow/.local/lib/python3.8/site-packages/kafka/client_async.py", line 262, in __init__
[2026-05-16T11:54:17.471+0000] {subprocess.py:93} INFO -     self.config['api_version'] = self.check_version()
[2026-05-16T11:54:17.473+0000] {subprocess.py:93} INFO -   File "/home/airflow/.local/lib/python3.8/site-packages/kafka/client_async.py", line 1076, in check_version
[2026-05-16T11:54:17.474+0000] {subprocess.py:93} INFO -     raise Errors.NoBrokersAvailable()
[2026-05-16T11:54:17.474+0000] {subprocess.py:93} INFO - kafka.errors.NoBrokersAvailable: NoBrokersAvailable
[2026-05-16T11:54:17.609+0000] {subprocess.py:97} INFO - Command exited with return code 1
[2026-05-16T11:54:17.650+0000] {taskinstance.py:2698} ERROR - Task failed with exception
Traceback (most recent call last):
  File "/home/airflow/.local/lib/python3.8/site-packages/airflow/models/taskinstance.py", line 433, in _execute_task
    result = execute_callable(context=context, **execute_callable_kwargs)
  File "/home/airflow/.local/lib/python3.8/site-packages/airflow/operators/bash.py", line 212, in execute
    raise AirflowException(
airflow.exceptions.AirflowException: Bash command failed. The command returned a non-zero exit code 1.
[2026-05-16T11:54:17.657+0000] {taskinstance.py:1138} INFO - Marking task as UP_FOR_RETRY. dag_id=supply_chain_pipeline, task_id=kafka_producer, execution_date=20260515T090000, start_date=20260516T115413, end_date=20260516T115417
[2026-05-16T11:54:17.690+0000] {standard_task_runner.py:107} ERROR - Failed to execute job 41 for task kafka_producer (Bash command failed. The command returned a non-zero exit code 1.; 173)
[2026-05-16T11:54:17.741+0000] {local_task_job_runner.py:234} INFO - Task exited with return code 1
[2026-05-16T11:54:17.789+0000] {taskinstance.py:3280} INFO - 0 downstream tasks scheduled from follow-on schedule check
