[2026-05-14T11:28:25.928+0000] {taskinstance.py:1956} INFO - Dependencies all met for dep_context=non-requeueable deps ti=<TaskInstance: supply_chain_pipeline.kafka_producer manual__2026-05-14T11:28:24.671883+00:00 [queued]>
[2026-05-14T11:28:25.934+0000] {taskinstance.py:1956} INFO - Dependencies all met for dep_context=requeueable deps ti=<TaskInstance: supply_chain_pipeline.kafka_producer manual__2026-05-14T11:28:24.671883+00:00 [queued]>
[2026-05-14T11:28:25.934+0000] {taskinstance.py:2170} INFO - Starting attempt 1 of 3
[2026-05-14T11:28:25.942+0000] {taskinstance.py:2191} INFO - Executing <Task(BashOperator): kafka_producer> on 2026-05-14 11:28:24.671883+00:00
[2026-05-14T11:28:25.945+0000] {standard_task_runner.py:60} INFO - Started process 178 to run task
[2026-05-14T11:28:25.948+0000] {standard_task_runner.py:87} INFO - Running: ['airflow', 'tasks', 'run', 'supply_chain_pipeline', 'kafka_producer', 'manual__2026-05-14T11:28:24.671883+00:00', '--job-id', '14', '--raw', '--subdir', 'DAGS_FOLDER/supply_chain_pipeline.py', '--cfg-path', '/tmp/tmpuu02p_r7']
[2026-05-14T11:28:25.949+0000] {standard_task_runner.py:88} INFO - Job 14: Subtask kafka_producer
[2026-05-14T11:28:25.988+0000] {task_command.py:423} INFO - Running <TaskInstance: supply_chain_pipeline.kafka_producer manual__2026-05-14T11:28:24.671883+00:00 [running]> on host e68afba521da
[2026-05-14T11:28:26.058+0000] {taskinstance.py:2480} INFO - Exporting env vars: AIRFLOW_CTX_DAG_OWNER='lovepreet' AIRFLOW_CTX_DAG_ID='supply_chain_pipeline' AIRFLOW_CTX_TASK_ID='kafka_producer' AIRFLOW_CTX_EXECUTION_DATE='2026-05-14T11:28:24.671883+00:00' AIRFLOW_CTX_TRY_NUMBER='1' AIRFLOW_CTX_DAG_RUN_ID='manual__2026-05-14T11:28:24.671883+00:00'
[2026-05-14T11:28:26.059+0000] {subprocess.py:63} INFO - Tmp dir root location: /tmp
[2026-05-14T11:28:26.059+0000] {subprocess.py:75} INFO - Running command: ['/usr/bin/bash', '-c', 'python3 /opt/airflow/ingestion/kafka_producer.py']
[2026-05-14T11:28:26.065+0000] {subprocess.py:86} INFO - Output:
[2026-05-14T11:28:28.435+0000] {subprocess.py:93} INFO - Traceback (most recent call last):
[2026-05-14T11:28:28.439+0000] {subprocess.py:93} INFO -   File "/opt/airflow/ingestion/kafka_producer.py", line 28, in <module>
[2026-05-14T11:28:28.439+0000] {subprocess.py:93} INFO -     producer = KafkaProducer(
[2026-05-14T11:28:28.440+0000] {subprocess.py:93} INFO -   File "/home/airflow/.local/lib/python3.8/site-packages/kafka/producer/kafka.py", line 485, in __init__
[2026-05-14T11:28:28.440+0000] {subprocess.py:93} INFO -     client = self.config['kafka_client'](
[2026-05-14T11:28:28.440+0000] {subprocess.py:93} INFO -   File "/home/airflow/.local/lib/python3.8/site-packages/kafka/client_async.py", line 262, in __init__
[2026-05-14T11:28:28.440+0000] {subprocess.py:93} INFO -     self.config['api_version'] = self.check_version()
[2026-05-14T11:28:28.441+0000] {subprocess.py:93} INFO -   File "/home/airflow/.local/lib/python3.8/site-packages/kafka/client_async.py", line 1076, in check_version
[2026-05-14T11:28:28.441+0000] {subprocess.py:93} INFO -     raise Errors.NoBrokersAvailable()
[2026-05-14T11:28:28.441+0000] {subprocess.py:93} INFO - kafka.errors.NoBrokersAvailable: NoBrokersAvailable
[2026-05-14T11:28:28.476+0000] {subprocess.py:97} INFO - Command exited with return code 1
[2026-05-14T11:28:28.488+0000] {taskinstance.py:2698} ERROR - Task failed with exception
Traceback (most recent call last):
  File "/home/airflow/.local/lib/python3.8/site-packages/airflow/models/taskinstance.py", line 433, in _execute_task
    result = execute_callable(context=context, **execute_callable_kwargs)
  File "/home/airflow/.local/lib/python3.8/site-packages/airflow/operators/bash.py", line 212, in execute
    raise AirflowException(
airflow.exceptions.AirflowException: Bash command failed. The command returned a non-zero exit code 1.
[2026-05-14T11:28:28.490+0000] {taskinstance.py:1138} INFO - Marking task as UP_FOR_RETRY. dag_id=supply_chain_pipeline, task_id=kafka_producer, execution_date=20260514T112824, start_date=20260514T112825, end_date=20260514T112828
[2026-05-14T11:28:28.498+0000] {standard_task_runner.py:107} ERROR - Failed to execute job 14 for task kafka_producer (Bash command failed. The command returned a non-zero exit code 1.; 178)
[2026-05-14T11:28:28.540+0000] {local_task_job_runner.py:234} INFO - Task exited with return code 1
[2026-05-14T11:28:28.557+0000] {taskinstance.py:3280} INFO - 0 downstream tasks scheduled from follow-on schedule check
